13:48:25.662 [main] DEBUG com.intuit.karate.Suite - [config] classpath:karate-config.js
13:48:27.314 [main] DEBUG com.intuit.karate - request:
1 > POST http://localhost:4723/wd/hub/session
1 > Content-Type: application/json; charset=UTF-8
1 > Content-Length: 292
1 > Host: localhost:4723
1 > Connection: Keep-Alive
1 > User-Agent: Apache-HttpClient/4.5.13 (Java/1.8.0_271)
1 > Accept-Encoding: gzip,deflate
{"desiredCapabilities":{"app":"\/Users\/impadmin\/Desktop\/Payload\/PK-R-2022.3-904002206-normal-debug.apk","newCommandTimeout":300,"platformVersion":"10.0","platformName":"Android","connectHardwareKeyboard":true,"deviceName":"emulator-5554","automationName":"UiAutomator2","noReset":"true"}}

13:48:48.120 [main] DEBUG com.intuit.karate - response time in milliseconds: 20803
1 < 200
1 < X-Powered-By: Express
1 < Vary: X-HTTP-Method-Override
1 < Content-Type: application/json; charset=utf-8
1 < Content-Length: 1132
1 < ETag: W/"46c-tNLtbJhaniJydUMD1t04maOSFk4"
1 < Date: Thu, 22 Sep 2022 08:18:48 GMT
1 < Connection: keep-alive
{"value":{"platform":"LINUX","webStorageEnabled":false,"takesScreenshot":true,"javascriptEnabled":true,"databaseEnabled":false,"networkConnectionEnabled":true,"locationContextEnabled":false,"warnings":{},"desired":{"app":"/Users/impadmin/Desktop/Payload/PK-R-2022.3-904002206-normal-debug.apk","newCommandTimeout":300,"platformVersion":"10.0","platformName":"Android","connectHardwareKeyboard":true,"deviceName":"emulator-5554","automationName":"UiAutomator2","noReset":true},"app":"/Users/impadmin/Desktop/Payload/PK-R-2022.3-904002206-normal-debug.apk","newCommandTimeout":300,"platformVersion":"10","platformName":"Android","connectHardwareKeyboard":true,"deviceName":"emulator-5554","automationName":"UiAutomator2","noReset":true,"deviceUDID":"emulator-5554","appPackage":"com.patientkeeper.app.android.patientkeeper","deviceApiLevel":29,"deviceScreenSize":"1440x2560","deviceScreenDensity":560,"deviceModel":"Android SDK built for x86","deviceManufacturer":"Google","pixelRatio":3.5,"statBarHeight":84,"viewportRect":{"left":0,"top":84,"width":1440,"height":2308}},"sessionId":"955f007a-1666-498e-8a9c-ab5150698627","status":0}

13:48:48.126 [main] DEBUG c.i.k.d.appium.android_1663834706842 - init session id: 955f007a-1666-498e-8a9c-ab5150698627
13:48:48.424 [main] DEBUG com.intuit.karate - request:
2 > POST http://localhost:4723/wd/hub/session/955f007a-1666-498e-8a9c-ab5150698627/element
2 > Content-Type: application/json; charset=UTF-8
2 > Content-Length: 89
2 > Host: localhost:4723
2 > Connection: Keep-Alive
2 > User-Agent: Apache-HttpClient/4.5.13 (Java/1.8.0_271)
2 > Accept-Encoding: gzip,deflate
{"using":"id","value":"com.patientkeeper.app.android.patientkeeper:id\/hostAddressField"}

13:48:49.993 [main] DEBUG com.intuit.karate - response time in milliseconds: 1567
2 < 500
2 < X-Powered-By: Express
2 < Vary: X-HTTP-Method-Override
2 < Content-Type: application/json; charset=utf-8
2 < Content-Length: 164
2 < ETag: W/"a4-Qye6PhgfqSEGM1TvTXQSn4QgFJs"
2 < Date: Thu, 22 Sep 2022 08:18:49 GMT
2 < Connection: keep-alive
{"status":7,"value":{"message":"An element could not be located on the page using the given search parameters."},"sessionId":"955f007a-1666-498e-8a9c-ab5150698627"}

13:48:49.994 [main] WARN  com.intuit.karate - http response code: 500, response: {"status":7,"value":{"message":"An element could not be located on the page using the given search parameters."},"sessionId":"955f007a-1666-498e-8a9c-ab5150698627"}, request: POST http://localhost:4723/wd/hub/session/955f007a-1666-498e-8a9c-ab5150698627/element
13:48:49.994 [main] WARN  c.i.k.d.appium.android_1663834706842 - locator failed, will retry once: {"status":7,"value":{"message":"An element could not be located on the page using the given search parameters."},"sessionId":"955f007a-1666-498e-8a9c-ab5150698627"}
13:48:52.999 [main] DEBUG com.intuit.karate - request:
3 > POST http://localhost:4723/wd/hub/session/955f007a-1666-498e-8a9c-ab5150698627/element
3 > Content-Type: application/json; charset=UTF-8
3 > Content-Length: 89
3 > Host: localhost:4723
3 > Connection: Keep-Alive
3 > User-Agent: Apache-HttpClient/4.5.13 (Java/1.8.0_271)
3 > Accept-Encoding: gzip,deflate
{"using":"id","value":"com.patientkeeper.app.android.patientkeeper:id\/hostAddressField"}

13:48:53.034 [main] DEBUG com.intuit.karate - response time in milliseconds: 34
3 < 500
3 < X-Powered-By: Express
3 < Vary: X-HTTP-Method-Override
3 < Content-Type: application/json; charset=utf-8
3 < Content-Length: 164
3 < ETag: W/"a4-Qye6PhgfqSEGM1TvTXQSn4QgFJs"
3 < Date: Thu, 22 Sep 2022 08:18:53 GMT
3 < Connection: keep-alive
{"status":7,"value":{"message":"An element could not be located on the page using the given search parameters."},"sessionId":"955f007a-1666-498e-8a9c-ab5150698627"}

13:48:53.034 [main] WARN  com.intuit.karate - http response code: 500, response: {"status":7,"value":{"message":"An element could not be located on the page using the given search parameters."},"sessionId":"955f007a-1666-498e-8a9c-ab5150698627"}, request: POST http://localhost:4723/wd/hub/session/955f007a-1666-498e-8a9c-ab5150698627/element
13:48:53.035 [main] ERROR c.i.k.d.appium.android_1663834706842 - locator failed twice: {"status":7,"value":{"message":"An element could not be located on the page using the given search parameters."},"sessionId":"955f007a-1666-498e-8a9c-ab5150698627"}
13:48:53.035 [main] DEBUG c.i.k.d.appium.MobileDriverOptions - optional (locator) - retry #1
13:48:56.041 [main] DEBUG com.intuit.karate - request:
4 > POST http://localhost:4723/wd/hub/session/955f007a-1666-498e-8a9c-ab5150698627/element
4 > Content-Type: application/json; charset=UTF-8
4 > Content-Length: 89
4 > Host: localhost:4723
4 > Connection: Keep-Alive
4 > User-Agent: Apache-HttpClient/4.5.13 (Java/1.8.0_271)
4 > Accept-Encoding: gzip,deflate
{"using":"id","value":"com.patientkeeper.app.android.patientkeeper:id\/hostAddressField"}

13:48:56.083 [main] DEBUG com.intuit.karate - response time in milliseconds: 41
4 < 500
4 < X-Powered-By: Express
4 < Vary: X-HTTP-Method-Override
4 < Content-Type: application/json; charset=utf-8
4 < Content-Length: 164
4 < ETag: W/"a4-Qye6PhgfqSEGM1TvTXQSn4QgFJs"
4 < Date: Thu, 22 Sep 2022 08:18:56 GMT
4 < Connection: keep-alive
{"status":7,"value":{"message":"An element could not be located on the page using the given search parameters."},"sessionId":"955f007a-1666-498e-8a9c-ab5150698627"}

13:48:56.084 [main] WARN  com.intuit.karate - http response code: 500, response: {"status":7,"value":{"message":"An element could not be located on the page using the given search parameters."},"sessionId":"955f007a-1666-498e-8a9c-ab5150698627"}, request: POST http://localhost:4723/wd/hub/session/955f007a-1666-498e-8a9c-ab5150698627/element
13:48:56.085 [main] WARN  c.i.k.d.appium.android_1663834706842 - locator failed, will retry once: {"status":7,"value":{"message":"An element could not be located on the page using the given search parameters."},"sessionId":"955f007a-1666-498e-8a9c-ab5150698627"}
13:49:21.550 [main] DEBUG com.intuit.karate.Suite - [config] classpath:karate-config.js
13:49:22.842 [main] DEBUG com.intuit.karate - request:
1 > POST http://localhost:4723/wd/hub/session
1 > Content-Type: application/json; charset=UTF-8
1 > Content-Length: 292
1 > Host: localhost:4723
1 > Connection: Keep-Alive
1 > User-Agent: Apache-HttpClient/4.5.13 (Java/1.8.0_271)
1 > Accept-Encoding: gzip,deflate
{"desiredCapabilities":{"app":"\/Users\/impadmin\/Desktop\/Payload\/PK-R-2022.3-904002206-normal-debug.apk","newCommandTimeout":300,"platformVersion":"10.0","platformName":"Android","connectHardwareKeyboard":true,"deviceName":"emulator-5554","automationName":"UiAutomator2","noReset":"true"}}

13:49:31.808 [main] DEBUG com.intuit.karate - response time in milliseconds: 8964
1 < 200
1 < X-Powered-By: Express
1 < Vary: X-HTTP-Method-Override
1 < Content-Type: application/json; charset=utf-8
1 < Content-Length: 1132
1 < ETag: W/"46c-O8IGYd9plVLx8LNQOE1U4rmRJHs"
1 < Date: Thu, 22 Sep 2022 08:19:31 GMT
1 < Connection: keep-alive
{"value":{"platform":"LINUX","webStorageEnabled":false,"takesScreenshot":true,"javascriptEnabled":true,"databaseEnabled":false,"networkConnectionEnabled":true,"locationContextEnabled":false,"warnings":{},"desired":{"app":"/Users/impadmin/Desktop/Payload/PK-R-2022.3-904002206-normal-debug.apk","newCommandTimeout":300,"platformVersion":"10.0","platformName":"Android","connectHardwareKeyboard":true,"deviceName":"emulator-5554","automationName":"UiAutomator2","noReset":true},"app":"/Users/impadmin/Desktop/Payload/PK-R-2022.3-904002206-normal-debug.apk","newCommandTimeout":300,"platformVersion":"10","platformName":"Android","connectHardwareKeyboard":true,"deviceName":"emulator-5554","automationName":"UiAutomator2","noReset":true,"deviceUDID":"emulator-5554","appPackage":"com.patientkeeper.app.android.patientkeeper","deviceApiLevel":29,"deviceScreenSize":"1440x2560","deviceScreenDensity":560,"deviceModel":"Android SDK built for x86","deviceManufacturer":"Google","pixelRatio":3.5,"statBarHeight":84,"viewportRect":{"left":0,"top":84,"width":1440,"height":2308}},"sessionId":"ee0209cb-35bb-4d6b-be6b-ddcb6b7e9e62","status":0}

13:49:31.813 [main] DEBUG c.i.k.d.appium.android_1663834762464 - init session id: ee0209cb-35bb-4d6b-be6b-ddcb6b7e9e62
13:49:32.125 [main] DEBUG com.intuit.karate - request:
2 > POST http://localhost:4723/wd/hub/session/ee0209cb-35bb-4d6b-be6b-ddcb6b7e9e62/element
2 > Content-Type: application/json; charset=UTF-8
2 > Content-Length: 89
2 > Host: localhost:4723
2 > Connection: Keep-Alive
2 > User-Agent: Apache-HttpClient/4.5.13 (Java/1.8.0_271)
2 > Accept-Encoding: gzip,deflate
{"using":"id","value":"com.patientkeeper.app.android.patientkeeper:id\/hostAddressField"}

13:49:32.475 [main] DEBUG com.intuit.karate - response time in milliseconds: 348
2 < 200
2 < X-Powered-By: Express
2 < Vary: X-HTTP-Method-Override
2 < Content-Type: application/json; charset=utf-8
2 < Content-Length: 199
2 < ETag: W/"c7-Ber8gbp8eJEcxy6SNJ/DJLMFA64"
2 < Date: Thu, 22 Sep 2022 08:19:32 GMT
2 < Connection: keep-alive
{"value":{"element-6066-11e4-a52e-4f735466cecf":"00000000-0000-001a-ffff-ffff00000000","ELEMENT":"00000000-0000-001a-ffff-ffff00000000"},"sessionId":"ee0209cb-35bb-4d6b-be6b-ddcb6b7e9e62","status":0}

13:49:32.593 [main] INFO  com.intuit.karate - [print] true 
13:49:32.607 [main] DEBUG com.intuit.karate - request:
3 > POST http://localhost:4723/wd/hub/session/ee0209cb-35bb-4d6b-be6b-ddcb6b7e9e62/element
3 > Content-Type: application/json; charset=UTF-8
3 > Content-Length: 89
3 > Host: localhost:4723
3 > Connection: Keep-Alive
3 > User-Agent: Apache-HttpClient/4.5.13 (Java/1.8.0_271)
3 > Accept-Encoding: gzip,deflate
{"using":"id","value":"com.patientkeeper.app.android.patientkeeper:id\/hostAddressField"}

13:49:32.775 [main] DEBUG com.intuit.karate - response time in milliseconds: 164
3 < 200
3 < X-Powered-By: Express
3 < Vary: X-HTTP-Method-Override
3 < Content-Type: application/json; charset=utf-8
3 < Content-Length: 199
3 < ETag: W/"c7-Ber8gbp8eJEcxy6SNJ/DJLMFA64"
3 < Date: Thu, 22 Sep 2022 08:19:32 GMT
3 < Connection: keep-alive
{"value":{"element-6066-11e4-a52e-4f735466cecf":"00000000-0000-001a-ffff-ffff00000000","ELEMENT":"00000000-0000-001a-ffff-ffff00000000"},"sessionId":"ee0209cb-35bb-4d6b-be6b-ddcb6b7e9e62","status":0}

13:49:32.779 [main] DEBUG com.intuit.karate - request:
4 > POST http://localhost:4723/wd/hub/session/ee0209cb-35bb-4d6b-be6b-ddcb6b7e9e62/element/00000000-0000-001a-ffff-ffff00000000/click
4 > Content-Type: application/json; charset=UTF-8
4 > Content-Length: 2
4 > Host: localhost:4723
4 > Connection: Keep-Alive
4 > User-Agent: Apache-HttpClient/4.5.13 (Java/1.8.0_271)
4 > Accept-Encoding: gzip,deflate
{}

13:49:33.510 [main] DEBUG com.intuit.karate - response time in milliseconds: 731
4 < 200
4 < X-Powered-By: Express
4 < Vary: X-HTTP-Method-Override
4 < Content-Type: application/json; charset=utf-8
4 < Content-Length: 76
4 < ETag: W/"4c-kcf+r/a1o0OThJIpov2U1/8YrsI"
4 < Date: Thu, 22 Sep 2022 08:19:33 GMT
4 < Connection: keep-alive
{"value":null,"sessionId":"ee0209cb-35bb-4d6b-be6b-ddcb6b7e9e62","status":0}

13:49:33.514 [main] DEBUG com.intuit.karate - request:
5 > POST http://localhost:4723/wd/hub/session/ee0209cb-35bb-4d6b-be6b-ddcb6b7e9e62/element
5 > Content-Type: application/json; charset=UTF-8
5 > Content-Length: 89
5 > Host: localhost:4723
5 > Connection: Keep-Alive
5 > User-Agent: Apache-HttpClient/4.5.13 (Java/1.8.0_271)
5 > Accept-Encoding: gzip,deflate
{"using":"id","value":"com.patientkeeper.app.android.patientkeeper:id\/hostAddressField"}

13:49:33.540 [main] DEBUG com.intuit.karate - response time in milliseconds: 25
5 < 200
5 < X-Powered-By: Express
5 < Vary: X-HTTP-Method-Override
5 < Content-Type: application/json; charset=utf-8
5 < Content-Length: 199
5 < ETag: W/"c7-Ber8gbp8eJEcxy6SNJ/DJLMFA64"
5 < Date: Thu, 22 Sep 2022 08:19:33 GMT
5 < Connection: keep-alive
{"value":{"element-6066-11e4-a52e-4f735466cecf":"00000000-0000-001a-ffff-ffff00000000","ELEMENT":"00000000-0000-001a-ffff-ffff00000000"},"sessionId":"ee0209cb-35bb-4d6b-be6b-ddcb6b7e9e62","status":0}

13:49:33.541 [main] DEBUG com.intuit.karate - request:
6 > POST http://localhost:4723/wd/hub/session/ee0209cb-35bb-4d6b-be6b-ddcb6b7e9e62/element/00000000-0000-001a-ffff-ffff00000000/clear
6 > Content-Type: application/json; charset=UTF-8
6 > Content-Length: 2
6 > Host: localhost:4723
6 > Connection: Keep-Alive
6 > User-Agent: Apache-HttpClient/4.5.13 (Java/1.8.0_271)
6 > Accept-Encoding: gzip,deflate
{}

13:49:33.565 [main] DEBUG com.intuit.karate - response time in milliseconds: 22
6 < 200
6 < X-Powered-By: Express
6 < Vary: X-HTTP-Method-Override
6 < Content-Type: application/json; charset=utf-8
6 < Content-Length: 76
6 < ETag: W/"4c-kcf+r/a1o0OThJIpov2U1/8YrsI"
6 < Date: Thu, 22 Sep 2022 08:19:33 GMT
6 < Connection: keep-alive
{"value":null,"sessionId":"ee0209cb-35bb-4d6b-be6b-ddcb6b7e9e62","status":0}

13:49:33.568 [main] DEBUG com.intuit.karate - request:
7 > POST http://localhost:4723/wd/hub/session/ee0209cb-35bb-4d6b-be6b-ddcb6b7e9e62/element
7 > Content-Type: application/json; charset=UTF-8
7 > Content-Length: 89
7 > Host: localhost:4723
7 > Connection: Keep-Alive
7 > User-Agent: Apache-HttpClient/4.5.13 (Java/1.8.0_271)
7 > Accept-Encoding: gzip,deflate
{"using":"id","value":"com.patientkeeper.app.android.patientkeeper:id\/hostAddressField"}

13:49:33.618 [main] DEBUG com.intuit.karate - response time in milliseconds: 49
7 < 200
7 < X-Powered-By: Express
7 < Vary: X-HTTP-Method-Override
7 < Content-Type: application/json; charset=utf-8
7 < Content-Length: 199
7 < ETag: W/"c7-Ber8gbp8eJEcxy6SNJ/DJLMFA64"
7 < Date: Thu, 22 Sep 2022 08:19:33 GMT
7 < Connection: keep-alive
{"value":{"element-6066-11e4-a52e-4f735466cecf":"00000000-0000-001a-ffff-ffff00000000","ELEMENT":"00000000-0000-001a-ffff-ffff00000000"},"sessionId":"ee0209cb-35bb-4d6b-be6b-ddcb6b7e9e62","status":0}

13:49:33.621 [main] DEBUG com.intuit.karate - request:
8 > POST http://localhost:4723/wd/hub/session/ee0209cb-35bb-4d6b-be6b-ddcb6b7e9e62/element/00000000-0000-001a-ffff-ffff00000000/value
8 > Content-Type: application/json; charset=UTF-8
8 > Content-Length: 41
8 > Host: localhost:4723
8 > Connection: Keep-Alive
8 > User-Agent: Apache-HttpClient/4.5.13 (Java/1.8.0_271)
8 > Accept-Encoding: gzip,deflate
{"text":"eng-vm-mob08.patientkeeper.com"}

13:49:34.288 [main] DEBUG com.intuit.karate - response time in milliseconds: 666
8 < 200
8 < X-Powered-By: Express
8 < Vary: X-HTTP-Method-Override
8 < Content-Type: application/json; charset=utf-8
8 < Content-Length: 76
8 < ETag: W/"4c-kcf+r/a1o0OThJIpov2U1/8YrsI"
8 < Date: Thu, 22 Sep 2022 08:19:34 GMT
8 < Connection: keep-alive
{"value":null,"sessionId":"ee0209cb-35bb-4d6b-be6b-ddcb6b7e9e62","status":0}

13:49:34.291 [main] DEBUG com.intuit.karate - request:
9 > POST http://localhost:4723/wd/hub/session/ee0209cb-35bb-4d6b-be6b-ddcb6b7e9e62/element
9 > Content-Type: application/json; charset=UTF-8
9 > Content-Length: 86
9 > Host: localhost:4723
9 > Connection: Keep-Alive
9 > User-Agent: Apache-HttpClient/4.5.13 (Java/1.8.0_271)
9 > Accept-Encoding: gzip,deflate
{"using":"id","value":"com.patientkeeper.app.android.patientkeeper:id\/userNameField"}

13:49:34.927 [main] DEBUG com.intuit.karate - response time in milliseconds: 636
9 < 200
9 < X-Powered-By: Express
9 < Vary: X-HTTP-Method-Override
9 < Content-Type: application/json; charset=utf-8
9 < Content-Length: 199
9 < ETag: W/"c7-elcA7xfD6yZH/C9Ko5Vr6BO/Pvc"
9 < Date: Thu, 22 Sep 2022 08:19:34 GMT
9 < Connection: keep-alive
{"value":{"element-6066-11e4-a52e-4f735466cecf":"00000000-0000-001a-ffff-ffff00000016","ELEMENT":"00000000-0000-001a-ffff-ffff00000016"},"sessionId":"ee0209cb-35bb-4d6b-be6b-ddcb6b7e9e62","status":0}

13:49:34.929 [main] DEBUG com.intuit.karate - request:
10 > POST http://localhost:4723/wd/hub/session/ee0209cb-35bb-4d6b-be6b-ddcb6b7e9e62/element/00000000-0000-001a-ffff-ffff00000016/clear
10 > Content-Type: application/json; charset=UTF-8
10 > Content-Length: 2
10 > Host: localhost:4723
10 > Connection: Keep-Alive
10 > User-Agent: Apache-HttpClient/4.5.13 (Java/1.8.0_271)
10 > Accept-Encoding: gzip,deflate
{}

13:49:34.946 [main] DEBUG com.intuit.karate - response time in milliseconds: 16
10 < 200
10 < X-Powered-By: Express
10 < Vary: X-HTTP-Method-Override
10 < Content-Type: application/json; charset=utf-8
10 < Content-Length: 76
10 < ETag: W/"4c-kcf+r/a1o0OThJIpov2U1/8YrsI"
10 < Date: Thu, 22 Sep 2022 08:19:34 GMT
10 < Connection: keep-alive
{"value":null,"sessionId":"ee0209cb-35bb-4d6b-be6b-ddcb6b7e9e62","status":0}

13:49:34.949 [main] DEBUG com.intuit.karate - request:
11 > POST http://localhost:4723/wd/hub/session/ee0209cb-35bb-4d6b-be6b-ddcb6b7e9e62/element
11 > Content-Type: application/json; charset=UTF-8
11 > Content-Length: 86
11 > Host: localhost:4723
11 > Connection: Keep-Alive
11 > User-Agent: Apache-HttpClient/4.5.13 (Java/1.8.0_271)
11 > Accept-Encoding: gzip,deflate
{"using":"id","value":"com.patientkeeper.app.android.patientkeeper:id\/userNameField"}

13:49:34.987 [main] DEBUG com.intuit.karate - response time in milliseconds: 38
11 < 200
11 < X-Powered-By: Express
11 < Vary: X-HTTP-Method-Override
11 < Content-Type: application/json; charset=utf-8
11 < Content-Length: 199
11 < ETag: W/"c7-elcA7xfD6yZH/C9Ko5Vr6BO/Pvc"
11 < Date: Thu, 22 Sep 2022 08:19:34 GMT
11 < Connection: keep-alive
{"value":{"element-6066-11e4-a52e-4f735466cecf":"00000000-0000-001a-ffff-ffff00000016","ELEMENT":"00000000-0000-001a-ffff-ffff00000016"},"sessionId":"ee0209cb-35bb-4d6b-be6b-ddcb6b7e9e62","status":0}

13:49:34.989 [main] DEBUG com.intuit.karate - request:
12 > POST http://localhost:4723/wd/hub/session/ee0209cb-35bb-4d6b-be6b-ddcb6b7e9e62/element/00000000-0000-001a-ffff-ffff00000016/click
12 > Content-Type: application/json; charset=UTF-8
12 > Content-Length: 2
12 > Host: localhost:4723
12 > Connection: Keep-Alive
12 > User-Agent: Apache-HttpClient/4.5.13 (Java/1.8.0_271)
12 > Accept-Encoding: gzip,deflate
{}

13:49:35.602 [main] DEBUG com.intuit.karate - response time in milliseconds: 613
12 < 200
12 < X-Powered-By: Express
12 < Vary: X-HTTP-Method-Override
12 < Content-Type: application/json; charset=utf-8
12 < Content-Length: 76
12 < ETag: W/"4c-kcf+r/a1o0OThJIpov2U1/8YrsI"
12 < Date: Thu, 22 Sep 2022 08:19:35 GMT
12 < Connection: keep-alive
{"value":null,"sessionId":"ee0209cb-35bb-4d6b-be6b-ddcb6b7e9e62","status":0}

13:49:35.604 [main] DEBUG com.intuit.karate - request:
13 > POST http://localhost:4723/wd/hub/session/ee0209cb-35bb-4d6b-be6b-ddcb6b7e9e62/element
13 > Content-Type: application/json; charset=UTF-8
13 > Content-Length: 86
13 > Host: localhost:4723
13 > Connection: Keep-Alive
13 > User-Agent: Apache-HttpClient/4.5.13 (Java/1.8.0_271)
13 > Accept-Encoding: gzip,deflate
{"using":"id","value":"com.patientkeeper.app.android.patientkeeper:id\/userNameField"}

13:49:36.292 [main] DEBUG com.intuit.karate - response time in milliseconds: 687
13 < 200
13 < X-Powered-By: Express
13 < Vary: X-HTTP-Method-Override
13 < Content-Type: application/json; charset=utf-8
13 < Content-Length: 199
13 < ETag: W/"c7-elcA7xfD6yZH/C9Ko5Vr6BO/Pvc"
13 < Date: Thu, 22 Sep 2022 08:19:36 GMT
13 < Connection: keep-alive
{"value":{"element-6066-11e4-a52e-4f735466cecf":"00000000-0000-001a-ffff-ffff00000016","ELEMENT":"00000000-0000-001a-ffff-ffff00000016"},"sessionId":"ee0209cb-35bb-4d6b-be6b-ddcb6b7e9e62","status":0}

13:49:36.295 [main] DEBUG com.intuit.karate - request:
14 > POST http://localhost:4723/wd/hub/session/ee0209cb-35bb-4d6b-be6b-ddcb6b7e9e62/element/00000000-0000-001a-ffff-ffff00000016/value
14 > Content-Type: application/json; charset=UTF-8
14 > Content-Length: 24
14 > Host: localhost:4723
14 > Connection: Keep-Alive
14 > User-Agent: Apache-HttpClient/4.5.13 (Java/1.8.0_271)
14 > Accept-Encoding: gzip,deflate
{"text":"patientsafety"}

13:49:36.963 [main] DEBUG com.intuit.karate - response time in milliseconds: 668
14 < 200
14 < X-Powered-By: Express
14 < Vary: X-HTTP-Method-Override
14 < Content-Type: application/json; charset=utf-8
14 < Content-Length: 76
14 < ETag: W/"4c-kcf+r/a1o0OThJIpov2U1/8YrsI"
14 < Date: Thu, 22 Sep 2022 08:19:36 GMT
14 < Connection: keep-alive
{"value":null,"sessionId":"ee0209cb-35bb-4d6b-be6b-ddcb6b7e9e62","status":0}

13:49:36.967 [main] DEBUG com.intuit.karate - request:
15 > POST http://localhost:4723/wd/hub/session/ee0209cb-35bb-4d6b-be6b-ddcb6b7e9e62/element
15 > Content-Type: application/json; charset=UTF-8
15 > Content-Length: 86
15 > Host: localhost:4723
15 > Connection: Keep-Alive
15 > User-Agent: Apache-HttpClient/4.5.13 (Java/1.8.0_271)
15 > Accept-Encoding: gzip,deflate
{"using":"id","value":"com.patientkeeper.app.android.patientkeeper:id\/passwordField"}

13:49:37.872 [main] DEBUG com.intuit.karate - response time in milliseconds: 905
15 < 200
15 < X-Powered-By: Express
15 < Vary: X-HTTP-Method-Override
15 < Content-Type: application/json; charset=utf-8
15 < Content-Length: 199
15 < ETag: W/"c7-uxYWoxXkbl27Pv9TfXJM9FhxNUs"
15 < Date: Thu, 22 Sep 2022 08:19:37 GMT
15 < Connection: keep-alive
{"value":{"element-6066-11e4-a52e-4f735466cecf":"00000000-0000-001a-ffff-ffff00000019","ELEMENT":"00000000-0000-001a-ffff-ffff00000019"},"sessionId":"ee0209cb-35bb-4d6b-be6b-ddcb6b7e9e62","status":0}

13:49:37.876 [main] DEBUG com.intuit.karate - request:
16 > POST http://localhost:4723/wd/hub/session/ee0209cb-35bb-4d6b-be6b-ddcb6b7e9e62/element/00000000-0000-001a-ffff-ffff00000019/click
16 > Content-Type: application/json; charset=UTF-8
16 > Content-Length: 2
16 > Host: localhost:4723
16 > Connection: Keep-Alive
16 > User-Agent: Apache-HttpClient/4.5.13 (Java/1.8.0_271)
16 > Accept-Encoding: gzip,deflate
{}

13:49:38.514 [main] DEBUG com.intuit.karate - response time in milliseconds: 637
16 < 200
16 < X-Powered-By: Express
16 < Vary: X-HTTP-Method-Override
16 < Content-Type: application/json; charset=utf-8
16 < Content-Length: 76
16 < ETag: W/"4c-kcf+r/a1o0OThJIpov2U1/8YrsI"
16 < Date: Thu, 22 Sep 2022 08:19:38 GMT
16 < Connection: keep-alive
{"value":null,"sessionId":"ee0209cb-35bb-4d6b-be6b-ddcb6b7e9e62","status":0}

13:49:38.516 [main] DEBUG com.intuit.karate - request:
17 > POST http://localhost:4723/wd/hub/session/ee0209cb-35bb-4d6b-be6b-ddcb6b7e9e62/element
17 > Content-Type: application/json; charset=UTF-8
17 > Content-Length: 86
17 > Host: localhost:4723
17 > Connection: Keep-Alive
17 > User-Agent: Apache-HttpClient/4.5.13 (Java/1.8.0_271)
17 > Accept-Encoding: gzip,deflate
{"using":"id","value":"com.patientkeeper.app.android.patientkeeper:id\/passwordField"}

13:49:38.538 [main] DEBUG com.intuit.karate - response time in milliseconds: 22
17 < 200
17 < X-Powered-By: Express
17 < Vary: X-HTTP-Method-Override
17 < Content-Type: application/json; charset=utf-8
17 < Content-Length: 199
17 < ETag: W/"c7-uxYWoxXkbl27Pv9TfXJM9FhxNUs"
17 < Date: Thu, 22 Sep 2022 08:19:38 GMT
17 < Connection: keep-alive
{"value":{"element-6066-11e4-a52e-4f735466cecf":"00000000-0000-001a-ffff-ffff00000019","ELEMENT":"00000000-0000-001a-ffff-ffff00000019"},"sessionId":"ee0209cb-35bb-4d6b-be6b-ddcb6b7e9e62","status":0}

13:49:38.540 [main] DEBUG com.intuit.karate - request:
18 > POST http://localhost:4723/wd/hub/session/ee0209cb-35bb-4d6b-be6b-ddcb6b7e9e62/element/00000000-0000-001a-ffff-ffff00000019/value
18 > Content-Type: application/json; charset=UTF-8
18 > Content-Length: 14
18 > Host: localhost:4723
18 > Connection: Keep-Alive
18 > User-Agent: Apache-HttpClient/4.5.13 (Java/1.8.0_271)
18 > Accept-Encoding: gzip,deflate
{"text":"123"}

13:49:39.114 [main] DEBUG com.intuit.karate - response time in milliseconds: 574
18 < 200
18 < X-Powered-By: Express
18 < Vary: X-HTTP-Method-Override
18 < Content-Type: application/json; charset=utf-8
18 < Content-Length: 76
18 < ETag: W/"4c-kcf+r/a1o0OThJIpov2U1/8YrsI"
18 < Date: Thu, 22 Sep 2022 08:19:39 GMT
18 < Connection: keep-alive
{"value":null,"sessionId":"ee0209cb-35bb-4d6b-be6b-ddcb6b7e9e62","status":0}

13:49:39.116 [main] DEBUG com.intuit.karate - request:
19 > POST http://localhost:4723/wd/hub/session/ee0209cb-35bb-4d6b-be6b-ddcb6b7e9e62/element
19 > Content-Type: application/json; charset=UTF-8
19 > Content-Length: 85
19 > Host: localhost:4723
19 > Connection: Keep-Alive
19 > User-Agent: Apache-HttpClient/4.5.13 (Java/1.8.0_271)
19 > Accept-Encoding: gzip,deflate
{"using":"id","value":"com.patientkeeper.app.android.patientkeeper:id\/login_button"}

13:49:39.148 [main] DEBUG com.intuit.karate - response time in milliseconds: 31
19 < 200
19 < X-Powered-By: Express
19 < Vary: X-HTTP-Method-Override
19 < Content-Type: application/json; charset=utf-8
19 < Content-Length: 199
19 < ETag: W/"c7-0lKXy8XQNiL7xVSy8mtVuEZVXME"
19 < Date: Thu, 22 Sep 2022 08:19:39 GMT
19 < Connection: keep-alive
{"value":{"element-6066-11e4-a52e-4f735466cecf":"00000000-0000-001a-ffff-ffff0000001f","ELEMENT":"00000000-0000-001a-ffff-ffff0000001f"},"sessionId":"ee0209cb-35bb-4d6b-be6b-ddcb6b7e9e62","status":0}

13:49:39.150 [main] DEBUG com.intuit.karate - request:
20 > POST http://localhost:4723/wd/hub/session/ee0209cb-35bb-4d6b-be6b-ddcb6b7e9e62/element/00000000-0000-001a-ffff-ffff0000001f/click
20 > Content-Type: application/json; charset=UTF-8
20 > Content-Length: 2
20 > Host: localhost:4723
20 > Connection: Keep-Alive
20 > User-Agent: Apache-HttpClient/4.5.13 (Java/1.8.0_271)
20 > Accept-Encoding: gzip,deflate
{}

13:49:40.183 [main] DEBUG com.intuit.karate - response time in milliseconds: 1033
20 < 200
20 < X-Powered-By: Express
20 < Vary: X-HTTP-Method-Override
20 < Content-Type: application/json; charset=utf-8
20 < Content-Length: 76
20 < ETag: W/"4c-kcf+r/a1o0OThJIpov2U1/8YrsI"
20 < Date: Thu, 22 Sep 2022 08:19:40 GMT
20 < Connection: keep-alive
{"value":null,"sessionId":"ee0209cb-35bb-4d6b-be6b-ddcb6b7e9e62","status":0}

13:49:40.190 [main] DEBUG com.intuit.karate - request:
21 > POST http://localhost:4723/wd/hub/session/ee0209cb-35bb-4d6b-be6b-ddcb6b7e9e62/element
21 > Content-Type: application/json; charset=UTF-8
21 > Content-Length: 86
21 > Host: localhost:4723
21 > Connection: Keep-Alive
21 > User-Agent: Apache-HttpClient/4.5.13 (Java/1.8.0_271)
21 > Accept-Encoding: gzip,deflate
{"using":"xpath","value":"\/\/android.widget.ImageView[@content-desc='More options']"}

13:49:41.840 [main] DEBUG com.intuit.karate - response time in milliseconds: 1647
21 < 500
21 < X-Powered-By: Express
21 < Vary: X-HTTP-Method-Override
21 < Content-Type: application/json; charset=utf-8
21 < Content-Length: 164
21 < ETag: W/"a4-Ciwg+hB4ZrOwWyoDcEB0BiZMtmc"
21 < Date: Thu, 22 Sep 2022 08:19:41 GMT
21 < Connection: keep-alive
{"status":7,"value":{"message":"An element could not be located on the page using the given search parameters."},"sessionId":"ee0209cb-35bb-4d6b-be6b-ddcb6b7e9e62"}

13:49:41.841 [main] WARN  com.intuit.karate - http response code: 500, response: {"status":7,"value":{"message":"An element could not be located on the page using the given search parameters."},"sessionId":"ee0209cb-35bb-4d6b-be6b-ddcb6b7e9e62"}, request: POST http://localhost:4723/wd/hub/session/ee0209cb-35bb-4d6b-be6b-ddcb6b7e9e62/element
13:49:41.841 [main] WARN  c.i.k.d.appium.android_1663834762464 - locator failed, will retry once: {"status":7,"value":{"message":"An element could not be located on the page using the given search parameters."},"sessionId":"ee0209cb-35bb-4d6b-be6b-ddcb6b7e9e62"}
13:49:51.846 [main] DEBUG com.intuit.karate - request:
22 > POST http://localhost:4723/wd/hub/session/ee0209cb-35bb-4d6b-be6b-ddcb6b7e9e62/element
22 > Content-Type: application/json; charset=UTF-8
22 > Content-Length: 86
22 > Host: localhost:4723
22 > Connection: Keep-Alive
22 > User-Agent: Apache-HttpClient/4.5.13 (Java/1.8.0_271)
22 > Accept-Encoding: gzip,deflate
{"using":"xpath","value":"\/\/android.widget.ImageView[@content-desc='More options']"}

13:49:51.937 [main] DEBUG com.intuit.karate - response time in milliseconds: 90
22 < 500
22 < X-Powered-By: Express
22 < Vary: X-HTTP-Method-Override
22 < Content-Type: application/json; charset=utf-8
22 < Content-Length: 164
22 < ETag: W/"a4-Ciwg+hB4ZrOwWyoDcEB0BiZMtmc"
22 < Date: Thu, 22 Sep 2022 08:19:51 GMT
22 < Connection: keep-alive
{"status":7,"value":{"message":"An element could not be located on the page using the given search parameters."},"sessionId":"ee0209cb-35bb-4d6b-be6b-ddcb6b7e9e62"}

13:49:51.938 [main] WARN  com.intuit.karate - http response code: 500, response: {"status":7,"value":{"message":"An element could not be located on the page using the given search parameters."},"sessionId":"ee0209cb-35bb-4d6b-be6b-ddcb6b7e9e62"}, request: POST http://localhost:4723/wd/hub/session/ee0209cb-35bb-4d6b-be6b-ddcb6b7e9e62/element
13:49:51.938 [main] ERROR c.i.k.d.appium.android_1663834762464 - locator failed twice: {"status":7,"value":{"message":"An element could not be located on the page using the given search parameters."},"sessionId":"ee0209cb-35bb-4d6b-be6b-ddcb6b7e9e62"}
13:49:51.938 [main] DEBUG c.i.k.d.appium.MobileDriverOptions - failed to locate : //android.widget.ImageView[@content-desc='More options']
13:49:51.938 [main] DEBUG c.i.k.d.appium.MobileDriverOptions - waitUntil (function) - retry #1
13:50:01.942 [main] DEBUG com.intuit.karate - request:
23 > POST http://localhost:4723/wd/hub/session/ee0209cb-35bb-4d6b-be6b-ddcb6b7e9e62/element
23 > Content-Type: application/json; charset=UTF-8
23 > Content-Length: 86
23 > Host: localhost:4723
23 > Connection: Keep-Alive
23 > User-Agent: Apache-HttpClient/4.5.13 (Java/1.8.0_271)
23 > Accept-Encoding: gzip,deflate
{"using":"xpath","value":"\/\/android.widget.ImageView[@content-desc='More options']"}

13:50:02.025 [main] DEBUG com.intuit.karate - response time in milliseconds: 82
23 < 500
23 < X-Powered-By: Express
23 < Vary: X-HTTP-Method-Override
23 < Content-Type: application/json; charset=utf-8
23 < Content-Length: 164
23 < ETag: W/"a4-Ciwg+hB4ZrOwWyoDcEB0BiZMtmc"
23 < Date: Thu, 22 Sep 2022 08:20:02 GMT
23 < Connection: keep-alive
{"status":7,"value":{"message":"An element could not be located on the page using the given search parameters."},"sessionId":"ee0209cb-35bb-4d6b-be6b-ddcb6b7e9e62"}

13:50:02.025 [main] WARN  com.intuit.karate - http response code: 500, response: {"status":7,"value":{"message":"An element could not be located on the page using the given search parameters."},"sessionId":"ee0209cb-35bb-4d6b-be6b-ddcb6b7e9e62"}, request: POST http://localhost:4723/wd/hub/session/ee0209cb-35bb-4d6b-be6b-ddcb6b7e9e62/element
13:50:02.025 [main] WARN  c.i.k.d.appium.android_1663834762464 - locator failed, will retry once: {"status":7,"value":{"message":"An element could not be located on the page using the given search parameters."},"sessionId":"ee0209cb-35bb-4d6b-be6b-ddcb6b7e9e62"}
13:50:12.030 [main] DEBUG com.intuit.karate - request:
24 > POST http://localhost:4723/wd/hub/session/ee0209cb-35bb-4d6b-be6b-ddcb6b7e9e62/element
24 > Content-Type: application/json; charset=UTF-8
24 > Content-Length: 86
24 > Host: localhost:4723
24 > Connection: Keep-Alive
24 > User-Agent: Apache-HttpClient/4.5.13 (Java/1.8.0_271)
24 > Accept-Encoding: gzip,deflate
{"using":"xpath","value":"\/\/android.widget.ImageView[@content-desc='More options']"}

13:50:12.172 [main] DEBUG com.intuit.karate - response time in milliseconds: 142
24 < 200
24 < X-Powered-By: Express
24 < Vary: X-HTTP-Method-Override
24 < Content-Type: application/json; charset=utf-8
24 < Content-Length: 199
24 < ETag: W/"c7-+muba+HaCXRMIDbmjVcxFbRyYeI"
24 < Date: Thu, 22 Sep 2022 08:20:12 GMT
24 < Connection: keep-alive
{"value":{"element-6066-11e4-a52e-4f735466cecf":"00000000-0000-001d-ffff-ffff00000083","ELEMENT":"00000000-0000-001d-ffff-ffff00000083"},"sessionId":"ee0209cb-35bb-4d6b-be6b-ddcb6b7e9e62","status":0}

13:50:12.175 [main] DEBUG com.intuit.karate - request:
25 > POST http://localhost:4723/wd/hub/session/ee0209cb-35bb-4d6b-be6b-ddcb6b7e9e62/element
25 > Content-Type: application/json; charset=UTF-8
25 > Content-Length: 84
25 > Host: localhost:4723
25 > Connection: Keep-Alive
25 > User-Agent: Apache-HttpClient/4.5.13 (Java/1.8.0_271)
25 > Accept-Encoding: gzip,deflate
{"using":"xpath","value":"\/\/android.widget.TextView[contains(@text, 'PK, BLUE')]"}

13:50:12.326 [main] DEBUG com.intuit.karate - response time in milliseconds: 151
25 < 200
25 < X-Powered-By: Express
25 < Vary: X-HTTP-Method-Override
25 < Content-Type: application/json; charset=utf-8
25 < Content-Length: 199
25 < ETag: W/"c7-YUaW1RURi3ksXRMJJWDoN5A8WIw"
25 < Date: Thu, 22 Sep 2022 08:20:12 GMT
25 < Connection: keep-alive
{"value":{"element-6066-11e4-a52e-4f735466cecf":"00000000-0000-001d-ffff-ffff000000cb","ELEMENT":"00000000-0000-001d-ffff-ffff000000cb"},"sessionId":"ee0209cb-35bb-4d6b-be6b-ddcb6b7e9e62","status":0}

13:50:12.328 [main] DEBUG com.intuit.karate - request:
26 > POST http://localhost:4723/wd/hub/session/ee0209cb-35bb-4d6b-be6b-ddcb6b7e9e62/element/00000000-0000-001d-ffff-ffff000000cb/click
26 > Content-Type: application/json; charset=UTF-8
26 > Content-Length: 2
26 > Host: localhost:4723
26 > Connection: Keep-Alive
26 > User-Agent: Apache-HttpClient/4.5.13 (Java/1.8.0_271)
26 > Accept-Encoding: gzip,deflate
{}

13:50:14.327 [main] DEBUG com.intuit.karate - response time in milliseconds: 1998
26 < 200
26 < X-Powered-By: Express
26 < Vary: X-HTTP-Method-Override
26 < Content-Type: application/json; charset=utf-8
26 < Content-Length: 76
26 < ETag: W/"4c-kcf+r/a1o0OThJIpov2U1/8YrsI"
26 < Date: Thu, 22 Sep 2022 08:20:14 GMT
26 < Connection: keep-alive
{"value":null,"sessionId":"ee0209cb-35bb-4d6b-be6b-ddcb6b7e9e62","status":0}

13:50:14.332 [main] DEBUG com.intuit.karate - request:
27 > POST http://localhost:4723/wd/hub/session/ee0209cb-35bb-4d6b-be6b-ddcb6b7e9e62/element
27 > Content-Type: application/json; charset=UTF-8
27 > Content-Length: 92
27 > Host: localhost:4723
27 > Connection: Keep-Alive
27 > User-Agent: Apache-HttpClient/4.5.13 (Java/1.8.0_271)
27 > Accept-Encoding: gzip,deflate
{"using":"id","value":"com.patientkeeper.app.android.patientkeeper:id\/patientsummary_name"}

13:50:14.353 [main] DEBUG com.intuit.karate - response time in milliseconds: 21
27 < 200
27 < X-Powered-By: Express
27 < Vary: X-HTTP-Method-Override
27 < Content-Type: application/json; charset=utf-8
27 < Content-Length: 199
27 < ETag: W/"c7-Tr3muLPaeLizn2ja93Qidkt5BY0"
27 < Date: Thu, 22 Sep 2022 08:20:14 GMT
27 < Connection: keep-alive
{"value":{"element-6066-11e4-a52e-4f735466cecf":"00000000-0000-001c-ffff-ffff00000035","ELEMENT":"00000000-0000-001c-ffff-ffff00000035"},"sessionId":"ee0209cb-35bb-4d6b-be6b-ddcb6b7e9e62","status":0}

13:50:14.354 [main] DEBUG com.intuit.karate - request:
28 > GET http://localhost:4723/wd/hub/session/ee0209cb-35bb-4d6b-be6b-ddcb6b7e9e62/element/00000000-0000-001c-ffff-ffff00000035/text
28 > Host: localhost:4723
28 > Connection: Keep-Alive
28 > User-Agent: Apache-HttpClient/4.5.13 (Java/1.8.0_271)
28 > Accept-Encoding: gzip,deflate


13:50:14.368 [main] DEBUG com.intuit.karate - response time in milliseconds: 14
28 < 200
28 < X-Powered-By: Express
28 < Content-Type: application/json; charset=utf-8
28 < Content-Length: 82
28 < ETag: W/"52-im65E1jjklUy4X2+sPmzahbqmx0"
28 < Date: Thu, 22 Sep 2022 08:20:14 GMT
28 < Connection: keep-alive
{"sessionId":"ee0209cb-35bb-4d6b-be6b-ddcb6b7e9e62","value":"PK, BLUE","status":0}

13:50:14.376 [main] DEBUG com.intuit.karate - request:
29 > DELETE http://localhost:4723/wd/hub/session/ee0209cb-35bb-4d6b-be6b-ddcb6b7e9e62
29 > Host: localhost:4723
29 > Connection: Keep-Alive
29 > User-Agent: Apache-HttpClient/4.5.13 (Java/1.8.0_271)
29 > Accept-Encoding: gzip,deflate


13:50:15.224 [main] DEBUG com.intuit.karate - response time in milliseconds: 847
29 < 200
29 < X-Powered-By: Express
29 < Content-Type: application/json; charset=utf-8
29 < Content-Length: 76
29 < ETag: W/"4c-kcf+r/a1o0OThJIpov2U1/8YrsI"
29 < Date: Thu, 22 Sep 2022 08:20:15 GMT
29 < Connection: keep-alive
{"value":null,"sessionId":"ee0209cb-35bb-4d6b-be6b-ddcb6b7e9e62","status":0}

17:39:32.563 [main] DEBUG com.intuit.karate.Suite - [config] classpath:karate-config.js
17:39:32.568 [main] INFO  com.intuit.karate.Suite - backed up existing 'target/karate-reports' dir to: target/karate-reports_1663848572567
17:39:32.612 [main] INFO  c.intuit.karate.core.FeatureRuntime - found scenario at line: 6 - ^android mobile app UI tests$
17:39:34.629 [main] DEBUG com.intuit.karate - request:
1 > POST http://localhost:4723/wd/hub/session
1 > Content-Type: application/json; charset=UTF-8
1 > Content-Length: 290
1 > Host: localhost:4723
1 > Connection: Keep-Alive
1 > User-Agent: Apache-HttpClient/4.5.13 (Java/1.8.0_211)
1 > Accept-Encoding: gzip,deflate
{"desiredCapabilities":{"app":"\/Users\/impadmin\/Desktop\/Payload\/PK-R-2022.3-904002206-normal-debug.apk","newCommandTimeout":300,"platformVersion":"12","platformName":"Android","connectHardwareKeyboard":true,"deviceName":"emulator-5554","automationName":"UiAutomator2","noReset":"true"}}

17:39:34.712 [main] DEBUG com.intuit.karate - response time in milliseconds: 80
1 < 500
1 < X-Powered-By: Express
1 < Access-Control-Allow-Origin: *
1 < Access-Control-Allow-Methods: GET, POST, PUT, OPTIONS, DELETE
1 < Access-Control-Allow-Headers: Cache-Control, Pragma, Origin, X-Requested-With, Content-Type, Accept, User-Agent
1 < Vary: X-HTTP-Method-Override
1 < Content-Type: application/json; charset=utf-8
1 < Content-Length: 264
1 < ETag: W/"108-ZU0cD8Z8OLVRxmVukAEiPTP1aRc"
1 < Date: Thu, 22 Sep 2022 12:09:34 GMT
1 < Connection: keep-alive
1 < Keep-Alive: timeout=600
{"status":13,"value":{"message":"An unknown server-side error occurred while processing the command. Original error: The application at '/Users/impadmin/Desktop/Payload/PK-R-2022.3-904002206-normal-debug.apk' does not exist or is not accessible"},"sessionId":null}

17:39:34.714 [main] WARN  com.intuit.karate - http response code: 500, response: {"status":13,"value":{"message":"An unknown server-side error occurred while processing the command. Original error: The application at '/Users/impadmin/Desktop/Payload/PK-R-2022.3-904002206-normal-debug.apk' does not exist or is not accessible"},"sessionId":null}, request: POST http://localhost:4723/wd/hub/session
17:39:34.714 [main] ERROR c.i.k.d.appium.android_1663848574107 - webdriver session create status 500, {"status":13,"value":{"message":"An unknown server-side error occurred while processing the command. Original error: The application at '/Users/impadmin/Desktop/Payload/PK-R-2022.3-904002206-normal-debug.apk' does not exist or is not accessible"},"sessionId":null}
17:39:34.716 [main] ERROR com.intuit.karate - driver config / start failed: webdriver session create status 500, {"status":13,"value":{"message":"An unknown server-side error occurred while processing the command. Original error: The application at '/Users/impadmin/Desktop/Payload/PK-R-2022.3-904002206-normal-debug.apk' does not exist or is not accessible"},"sessionId":null}, options: {type=android, webDriverPath=/wd/hub, start=false, httpConfig={readTimeout=120000}, target=null, webDriverSession={desiredCapabilities={app=/Users/impadmin/Desktop/Payload/PK-R-2022.3-904002206-normal-debug.apk, newCommandTimeout=300, platformVersion=12, platformName=Android, connectHardwareKeyboard=true, deviceName=emulator-5554, automationName=UiAutomator2, noReset=true}}}
java.lang.RuntimeException: webdriver session create status 500, {"status":13,"value":{"message":"An unknown server-side error occurred while processing the command. Original error: The application at '/Users/impadmin/Desktop/Payload/PK-R-2022.3-904002206-normal-debug.apk' does not exist or is not accessible"},"sessionId":null}
	at com.intuit.karate.driver.WebDriver.<init>(WebDriver.java:67)
	at com.intuit.karate.driver.appium.AppiumDriver.<init>(AppiumDriver.java:51)
	at com.intuit.karate.driver.appium.AndroidDriver.<init>(AndroidDriver.java:15)
	at com.intuit.karate.driver.appium.AndroidDriver.start(AndroidDriver.java:28)
	at com.intuit.karate.driver.DriverOptions.start(DriverOptions.java:316)
	at com.intuit.karate.core.ScenarioEngine.driver(ScenarioEngine.java:865)
	at com.intuit.karate.ScenarioActions.driver(ScenarioActions.java:420)
	at sun.reflect.NativeMethodAccessorImpl.invoke0(Native Method)
	at sun.reflect.NativeMethodAccessorImpl.invoke(NativeMethodAccessorImpl.java:62)
	at sun.reflect.DelegatingMethodAccessorImpl.invoke(DelegatingMethodAccessorImpl.java:43)
	at java.lang.reflect.Method.invoke(Method.java:498)
	at com.intuit.karate.core.StepRuntime.execute(StepRuntime.java:296)
	at com.intuit.karate.core.ScenarioRuntime.execute(ScenarioRuntime.java:497)
	at com.intuit.karate.core.ScenarioRuntime.run(ScenarioRuntime.java:440)
	at com.intuit.karate.core.FeatureRuntime.processScenario(FeatureRuntime.java:182)
	at java.util.Iterator.forEachRemaining(Iterator.java:116)
	at com.intuit.karate.core.FeatureRuntime.run(FeatureRuntime.java:165)
	at java.util.concurrent.Executors$RunnableAdapter.call(Executors.java:511)
	at java.util.concurrent.FutureTask.run(FutureTask.java:266)
	at com.intuit.karate.core.SyncExecutorService.execute(SyncExecutorService.java:70)
	at java.util.concurrent.AbstractExecutorService.submit(AbstractExecutorService.java:112)
	at com.intuit.karate.Suite.run(Suite.java:235)
	at com.intuit.karate.Runner$Builder.parallel(Runner.java:575)
	at com.intuit.karate.cli.IdeMain.main(IdeMain.java:60)
	at cucumber.api.cli.Main.main(Main.java:34)
17:39:34.718 [main] ERROR com.intuit.karate - src/test/java/android/android.feature:7
Given driver { webDriverSession: { desiredCapabilities : "#(android.desiredConfig)"} }
driver config / start failed: webdriver session create status 500, {"status":13,"value":{"message":"An unknown server-side error occurred while processing the command. Original error: The application at '/Users/impadmin/Desktop/Payload/PK-R-2022.3-904002206-normal-debug.apk' does not exist or is not accessible"},"sessionId":null}, options: {type=android, webDriverPath=/wd/hub, start=false, httpConfig={readTimeout=120000}, target=null, webDriverSession={desiredCapabilities={app=/Users/impadmin/Desktop/Payload/PK-R-2022.3-904002206-normal-debug.apk, newCommandTimeout=300, platformVersion=12, platformName=Android, connectHardwareKeyboard=true, deviceName=emulator-5554, automationName=UiAutomator2, noReset=true}}}
src/test/java/android/android.feature:7
17:39:35.770 [main] INFO  com.intuit.karate.Suite - <<fail>> feature 1 of 1 (0 remaining) src/test/java/android/android.feature
17:40:46.929 [main] DEBUG com.intuit.karate.Suite - [config] classpath:karate-config.js
17:40:46.933 [main] INFO  com.intuit.karate.Suite - backed up existing 'target/karate-reports' dir to: target/karate-reports_1663848646933
17:40:46.962 [main] INFO  c.intuit.karate.core.FeatureRuntime - found scenario at line: 6 - ^android mobile app UI tests$
17:40:48.593 [main] DEBUG com.intuit.karate - request:
1 > POST http://localhost:4723/wd/hub/session
1 > Content-Type: application/json; charset=UTF-8
1 > Content-Length: 284
1 > Host: localhost:4723
1 > Connection: Keep-Alive
1 > User-Agent: Apache-HttpClient/4.5.13 (Java/1.8.0_211)
1 > Accept-Encoding: gzip,deflate
{"desiredCapabilities":{"app":"\/Users\/pk\/Desktop\/Payload\/PK-R-2022.4-904002207-normal-debug.apk","newCommandTimeout":300,"platformVersion":"12","platformName":"Android","connectHardwareKeyboard":true,"deviceName":"emulator-5554","automationName":"UiAutomator2","noReset":"true"}}

17:41:31.143 [main] DEBUG com.intuit.karate - response time in milliseconds: 42547
1 < 200
1 < X-Powered-By: Express
1 < Access-Control-Allow-Origin: *
1 < Access-Control-Allow-Methods: GET, POST, PUT, OPTIONS, DELETE
1 < Access-Control-Allow-Headers: Cache-Control, Pragma, Origin, X-Requested-With, Content-Type, Accept, User-Agent
1 < Vary: X-HTTP-Method-Override
1 < Content-Type: application/json; charset=utf-8
1 < Content-Length: 1123
1 < ETag: W/"463-eVaouGhcStCaFNb8Up4vfZMmF2Q"
1 < Date: Thu, 22 Sep 2022 12:11:31 GMT
1 < Connection: keep-alive
1 < Keep-Alive: timeout=600
{"value":{"platform":"LINUX","webStorageEnabled":false,"takesScreenshot":true,"javascriptEnabled":true,"databaseEnabled":false,"networkConnectionEnabled":true,"locationContextEnabled":false,"warnings":{},"desired":{"app":"/Users/pk/Desktop/Payload/PK-R-2022.4-904002207-normal-debug.apk","newCommandTimeout":300,"platformVersion":"12","platformName":"Android","connectHardwareKeyboard":true,"deviceName":"emulator-5554","automationName":"UiAutomator2","noReset":true},"app":"/Users/pk/Desktop/Payload/PK-R-2022.4-904002207-normal-debug.apk","newCommandTimeout":300,"platformVersion":"12","platformName":"Android","connectHardwareKeyboard":true,"deviceName":"emulator-5554","automationName":"UiAutomator2","noReset":true,"deviceUDID":"emulator-5554","appPackage":"com.patientkeeper.app.android.patientkeeper","deviceApiLevel":31,"deviceScreenSize":"1080x2340","deviceScreenDensity":440,"deviceModel":"Android SDK built for x86_64","deviceManufacturer":"unknown","pixelRatio":2.75,"statBarHeight":66,"viewportRect":{"left":0,"top":66,"width":1080,"height":2142}},"sessionId":"26bae1ca-307b-4299-bd0b-5261715d36ce","status":0}

17:41:31.152 [main] DEBUG c.i.k.d.appium.android_1663848648239 - init session id: 26bae1ca-307b-4299-bd0b-5261715d36ce
17:41:31.366 [main] DEBUG com.intuit.karate - request:
2 > POST http://localhost:4723/wd/hub/session/26bae1ca-307b-4299-bd0b-5261715d36ce/element
2 > Content-Type: application/json; charset=UTF-8
2 > Content-Length: 89
2 > Host: localhost:4723
2 > Connection: Keep-Alive
2 > User-Agent: Apache-HttpClient/4.5.13 (Java/1.8.0_211)
2 > Accept-Encoding: gzip,deflate
{"using":"id","value":"com.patientkeeper.app.android.patientkeeper:id\/hostAddressField"}

17:41:31.839 [main] DEBUG com.intuit.karate - response time in milliseconds: 472
2 < 500
2 < X-Powered-By: Express
2 < Access-Control-Allow-Origin: *
2 < Access-Control-Allow-Methods: GET, POST, PUT, OPTIONS, DELETE
2 < Access-Control-Allow-Headers: Cache-Control, Pragma, Origin, X-Requested-With, Content-Type, Accept, User-Agent
2 < Vary: X-HTTP-Method-Override
2 < Content-Type: application/json; charset=utf-8
2 < Content-Length: 164
2 < ETag: W/"a4-1YKhQ2fXJpYtOToLmg3qp9HUQSw"
2 < Date: Thu, 22 Sep 2022 12:11:31 GMT
2 < Connection: keep-alive
2 < Keep-Alive: timeout=600
{"status":7,"value":{"message":"An element could not be located on the page using the given search parameters."},"sessionId":"26bae1ca-307b-4299-bd0b-5261715d36ce"}

17:41:31.840 [main] WARN  com.intuit.karate - http response code: 500, response: {"status":7,"value":{"message":"An element could not be located on the page using the given search parameters."},"sessionId":"26bae1ca-307b-4299-bd0b-5261715d36ce"}, request: POST http://localhost:4723/wd/hub/session/26bae1ca-307b-4299-bd0b-5261715d36ce/element
17:41:31.841 [main] WARN  c.i.k.d.appium.android_1663848648239 - locator failed, will retry once: {"status":7,"value":{"message":"An element could not be located on the page using the given search parameters."},"sessionId":"26bae1ca-307b-4299-bd0b-5261715d36ce"}
17:41:34.847 [main] DEBUG com.intuit.karate - request:
3 > POST http://localhost:4723/wd/hub/session/26bae1ca-307b-4299-bd0b-5261715d36ce/element
3 > Content-Type: application/json; charset=UTF-8
3 > Content-Length: 89
3 > Host: localhost:4723
3 > Connection: Keep-Alive
3 > User-Agent: Apache-HttpClient/4.5.13 (Java/1.8.0_211)
3 > Accept-Encoding: gzip,deflate
{"using":"id","value":"com.patientkeeper.app.android.patientkeeper:id\/hostAddressField"}

17:41:35.776 [main] DEBUG com.intuit.karate - response time in milliseconds: 929
3 < 500
3 < X-Powered-By: Express
3 < Access-Control-Allow-Origin: *
3 < Access-Control-Allow-Methods: GET, POST, PUT, OPTIONS, DELETE
3 < Access-Control-Allow-Headers: Cache-Control, Pragma, Origin, X-Requested-With, Content-Type, Accept, User-Agent
3 < Vary: X-HTTP-Method-Override
3 < Content-Type: application/json; charset=utf-8
3 < Content-Length: 164
3 < ETag: W/"a4-1YKhQ2fXJpYtOToLmg3qp9HUQSw"
3 < Date: Thu, 22 Sep 2022 12:11:35 GMT
3 < Connection: keep-alive
3 < Keep-Alive: timeout=600
{"status":7,"value":{"message":"An element could not be located on the page using the given search parameters."},"sessionId":"26bae1ca-307b-4299-bd0b-5261715d36ce"}

17:41:35.777 [main] WARN  com.intuit.karate - http response code: 500, response: {"status":7,"value":{"message":"An element could not be located on the page using the given search parameters."},"sessionId":"26bae1ca-307b-4299-bd0b-5261715d36ce"}, request: POST http://localhost:4723/wd/hub/session/26bae1ca-307b-4299-bd0b-5261715d36ce/element
17:41:35.778 [main] ERROR c.i.k.d.appium.android_1663848648239 - locator failed twice: {"status":7,"value":{"message":"An element could not be located on the page using the given search parameters."},"sessionId":"26bae1ca-307b-4299-bd0b-5261715d36ce"}
17:41:35.778 [main] DEBUG c.i.k.d.appium.MobileDriverOptions - optional (locator) - retry #1
17:41:38.783 [main] DEBUG com.intuit.karate - request:
4 > POST http://localhost:4723/wd/hub/session/26bae1ca-307b-4299-bd0b-5261715d36ce/element
4 > Content-Type: application/json; charset=UTF-8
4 > Content-Length: 89
4 > Host: localhost:4723
4 > Connection: Keep-Alive
4 > User-Agent: Apache-HttpClient/4.5.13 (Java/1.8.0_211)
4 > Accept-Encoding: gzip,deflate
{"using":"id","value":"com.patientkeeper.app.android.patientkeeper:id\/hostAddressField"}

17:41:39.043 [main] DEBUG com.intuit.karate - response time in milliseconds: 260
4 < 500
4 < X-Powered-By: Express
4 < Access-Control-Allow-Origin: *
4 < Access-Control-Allow-Methods: GET, POST, PUT, OPTIONS, DELETE
4 < Access-Control-Allow-Headers: Cache-Control, Pragma, Origin, X-Requested-With, Content-Type, Accept, User-Agent
4 < Vary: X-HTTP-Method-Override
4 < Content-Type: application/json; charset=utf-8
4 < Content-Length: 164
4 < ETag: W/"a4-1YKhQ2fXJpYtOToLmg3qp9HUQSw"
4 < Date: Thu, 22 Sep 2022 12:11:39 GMT
4 < Connection: keep-alive
4 < Keep-Alive: timeout=600
{"status":7,"value":{"message":"An element could not be located on the page using the given search parameters."},"sessionId":"26bae1ca-307b-4299-bd0b-5261715d36ce"}

17:41:39.045 [main] WARN  com.intuit.karate - http response code: 500, response: {"status":7,"value":{"message":"An element could not be located on the page using the given search parameters."},"sessionId":"26bae1ca-307b-4299-bd0b-5261715d36ce"}, request: POST http://localhost:4723/wd/hub/session/26bae1ca-307b-4299-bd0b-5261715d36ce/element
17:41:39.045 [main] WARN  c.i.k.d.appium.android_1663848648239 - locator failed, will retry once: {"status":7,"value":{"message":"An element could not be located on the page using the given search parameters."},"sessionId":"26bae1ca-307b-4299-bd0b-5261715d36ce"}
17:41:42.051 [main] DEBUG com.intuit.karate - request:
5 > POST http://localhost:4723/wd/hub/session/26bae1ca-307b-4299-bd0b-5261715d36ce/element
5 > Content-Type: application/json; charset=UTF-8
5 > Content-Length: 89
5 > Host: localhost:4723
5 > Connection: Keep-Alive
5 > User-Agent: Apache-HttpClient/4.5.13 (Java/1.8.0_211)
5 > Accept-Encoding: gzip,deflate
{"using":"id","value":"com.patientkeeper.app.android.patientkeeper:id\/hostAddressField"}

17:41:42.986 [main] DEBUG com.intuit.karate - response time in milliseconds: 935
5 < 200
5 < X-Powered-By: Express
5 < Access-Control-Allow-Origin: *
5 < Access-Control-Allow-Methods: GET, POST, PUT, OPTIONS, DELETE
5 < Access-Control-Allow-Headers: Cache-Control, Pragma, Origin, X-Requested-With, Content-Type, Accept, User-Agent
5 < Vary: X-HTTP-Method-Override
5 < Content-Type: application/json; charset=utf-8
5 < Content-Length: 199
5 < ETag: W/"c7-lomTcct3FEGj+elMXNeJcSFiqvQ"
5 < Date: Thu, 22 Sep 2022 12:11:42 GMT
5 < Connection: keep-alive
5 < Keep-Alive: timeout=600
{"value":{"element-6066-11e4-a52e-4f735466cecf":"00000000-0000-0530-ffff-ffff0000000e","ELEMENT":"00000000-0000-0530-ffff-ffff0000000e"},"sessionId":"26bae1ca-307b-4299-bd0b-5261715d36ce","status":0}

17:41:43.004 [main] INFO  com.intuit.karate - [print] true 
17:41:43.008 [main] DEBUG com.intuit.karate - request:
6 > POST http://localhost:4723/wd/hub/session/26bae1ca-307b-4299-bd0b-5261715d36ce/element
6 > Content-Type: application/json; charset=UTF-8
6 > Content-Length: 89
6 > Host: localhost:4723
6 > Connection: Keep-Alive
6 > User-Agent: Apache-HttpClient/4.5.13 (Java/1.8.0_211)
6 > Accept-Encoding: gzip,deflate
{"using":"id","value":"com.patientkeeper.app.android.patientkeeper:id\/hostAddressField"}

17:41:43.051 [main] DEBUG com.intuit.karate - response time in milliseconds: 43
6 < 200
6 < X-Powered-By: Express
6 < Access-Control-Allow-Origin: *
6 < Access-Control-Allow-Methods: GET, POST, PUT, OPTIONS, DELETE
6 < Access-Control-Allow-Headers: Cache-Control, Pragma, Origin, X-Requested-With, Content-Type, Accept, User-Agent
6 < Vary: X-HTTP-Method-Override
6 < Content-Type: application/json; charset=utf-8
6 < Content-Length: 199
6 < ETag: W/"c7-lomTcct3FEGj+elMXNeJcSFiqvQ"
6 < Date: Thu, 22 Sep 2022 12:11:43 GMT
6 < Connection: keep-alive
6 < Keep-Alive: timeout=600
{"value":{"element-6066-11e4-a52e-4f735466cecf":"00000000-0000-0530-ffff-ffff0000000e","ELEMENT":"00000000-0000-0530-ffff-ffff0000000e"},"sessionId":"26bae1ca-307b-4299-bd0b-5261715d36ce","status":0}

17:41:43.053 [main] DEBUG com.intuit.karate - request:
7 > POST http://localhost:4723/wd/hub/session/26bae1ca-307b-4299-bd0b-5261715d36ce/element/00000000-0000-0530-ffff-ffff0000000e/click
7 > Content-Type: application/json; charset=UTF-8
7 > Content-Length: 2
7 > Host: localhost:4723
7 > Connection: Keep-Alive
7 > User-Agent: Apache-HttpClient/4.5.13 (Java/1.8.0_211)
7 > Accept-Encoding: gzip,deflate
{}

17:41:43.880 [main] DEBUG com.intuit.karate - response time in milliseconds: 827
7 < 200
7 < X-Powered-By: Express
7 < Access-Control-Allow-Origin: *
7 < Access-Control-Allow-Methods: GET, POST, PUT, OPTIONS, DELETE
7 < Access-Control-Allow-Headers: Cache-Control, Pragma, Origin, X-Requested-With, Content-Type, Accept, User-Agent
7 < Vary: X-HTTP-Method-Override
7 < Content-Type: application/json; charset=utf-8
7 < Content-Length: 76
7 < ETag: W/"4c-5JXAYxXQpWQ2+agF0SlkMVlwrkI"
7 < Date: Thu, 22 Sep 2022 12:11:43 GMT
7 < Connection: keep-alive
7 < Keep-Alive: timeout=600
{"value":null,"sessionId":"26bae1ca-307b-4299-bd0b-5261715d36ce","status":0}

17:41:43.883 [main] DEBUG com.intuit.karate - request:
8 > POST http://localhost:4723/wd/hub/session/26bae1ca-307b-4299-bd0b-5261715d36ce/element
8 > Content-Type: application/json; charset=UTF-8
8 > Content-Length: 89
8 > Host: localhost:4723
8 > Connection: Keep-Alive
8 > User-Agent: Apache-HttpClient/4.5.13 (Java/1.8.0_211)
8 > Accept-Encoding: gzip,deflate
{"using":"id","value":"com.patientkeeper.app.android.patientkeeper:id\/hostAddressField"}

17:41:43.922 [main] DEBUG com.intuit.karate - response time in milliseconds: 39
8 < 200
8 < X-Powered-By: Express
8 < Access-Control-Allow-Origin: *
8 < Access-Control-Allow-Methods: GET, POST, PUT, OPTIONS, DELETE
8 < Access-Control-Allow-Headers: Cache-Control, Pragma, Origin, X-Requested-With, Content-Type, Accept, User-Agent
8 < Vary: X-HTTP-Method-Override
8 < Content-Type: application/json; charset=utf-8
8 < Content-Length: 199
8 < ETag: W/"c7-lomTcct3FEGj+elMXNeJcSFiqvQ"
8 < Date: Thu, 22 Sep 2022 12:11:43 GMT
8 < Connection: keep-alive
8 < Keep-Alive: timeout=600
{"value":{"element-6066-11e4-a52e-4f735466cecf":"00000000-0000-0530-ffff-ffff0000000e","ELEMENT":"00000000-0000-0530-ffff-ffff0000000e"},"sessionId":"26bae1ca-307b-4299-bd0b-5261715d36ce","status":0}

17:41:43.924 [main] DEBUG com.intuit.karate - request:
9 > POST http://localhost:4723/wd/hub/session/26bae1ca-307b-4299-bd0b-5261715d36ce/element/00000000-0000-0530-ffff-ffff0000000e/clear
9 > Content-Type: application/json; charset=UTF-8
9 > Content-Length: 2
9 > Host: localhost:4723
9 > Connection: Keep-Alive
9 > User-Agent: Apache-HttpClient/4.5.13 (Java/1.8.0_211)
9 > Accept-Encoding: gzip,deflate
{}

17:41:43.982 [main] DEBUG com.intuit.karate - response time in milliseconds: 58
9 < 200
9 < X-Powered-By: Express
9 < Access-Control-Allow-Origin: *
9 < Access-Control-Allow-Methods: GET, POST, PUT, OPTIONS, DELETE
9 < Access-Control-Allow-Headers: Cache-Control, Pragma, Origin, X-Requested-With, Content-Type, Accept, User-Agent
9 < Vary: X-HTTP-Method-Override
9 < Content-Type: application/json; charset=utf-8
9 < Content-Length: 76
9 < ETag: W/"4c-5JXAYxXQpWQ2+agF0SlkMVlwrkI"
9 < Date: Thu, 22 Sep 2022 12:11:43 GMT
9 < Connection: keep-alive
9 < Keep-Alive: timeout=600
{"value":null,"sessionId":"26bae1ca-307b-4299-bd0b-5261715d36ce","status":0}

17:41:43.987 [main] DEBUG com.intuit.karate - request:
10 > POST http://localhost:4723/wd/hub/session/26bae1ca-307b-4299-bd0b-5261715d36ce/element
10 > Content-Type: application/json; charset=UTF-8
10 > Content-Length: 89
10 > Host: localhost:4723
10 > Connection: Keep-Alive
10 > User-Agent: Apache-HttpClient/4.5.13 (Java/1.8.0_211)
10 > Accept-Encoding: gzip,deflate
{"using":"id","value":"com.patientkeeper.app.android.patientkeeper:id\/hostAddressField"}

17:41:44.658 [main] DEBUG com.intuit.karate - response time in milliseconds: 671
10 < 200
10 < X-Powered-By: Express
10 < Access-Control-Allow-Origin: *
10 < Access-Control-Allow-Methods: GET, POST, PUT, OPTIONS, DELETE
10 < Access-Control-Allow-Headers: Cache-Control, Pragma, Origin, X-Requested-With, Content-Type, Accept, User-Agent
10 < Vary: X-HTTP-Method-Override
10 < Content-Type: application/json; charset=utf-8
10 < Content-Length: 199
10 < ETag: W/"c7-lomTcct3FEGj+elMXNeJcSFiqvQ"
10 < Date: Thu, 22 Sep 2022 12:11:44 GMT
10 < Connection: keep-alive
10 < Keep-Alive: timeout=600
{"value":{"element-6066-11e4-a52e-4f735466cecf":"00000000-0000-0530-ffff-ffff0000000e","ELEMENT":"00000000-0000-0530-ffff-ffff0000000e"},"sessionId":"26bae1ca-307b-4299-bd0b-5261715d36ce","status":0}

17:41:44.661 [main] DEBUG com.intuit.karate - request:
11 > POST http://localhost:4723/wd/hub/session/26bae1ca-307b-4299-bd0b-5261715d36ce/element/00000000-0000-0530-ffff-ffff0000000e/value
11 > Content-Type: application/json; charset=UTF-8
11 > Content-Length: 41
11 > Host: localhost:4723
11 > Connection: Keep-Alive
11 > User-Agent: Apache-HttpClient/4.5.13 (Java/1.8.0_211)
11 > Accept-Encoding: gzip,deflate
{"text":"eng-vm-mob08.patientkeeper.com"}

17:41:44.790 [main] DEBUG com.intuit.karate - response time in milliseconds: 128
11 < 200
11 < X-Powered-By: Express
11 < Access-Control-Allow-Origin: *
11 < Access-Control-Allow-Methods: GET, POST, PUT, OPTIONS, DELETE
11 < Access-Control-Allow-Headers: Cache-Control, Pragma, Origin, X-Requested-With, Content-Type, Accept, User-Agent
11 < Vary: X-HTTP-Method-Override
11 < Content-Type: application/json; charset=utf-8
11 < Content-Length: 76
11 < ETag: W/"4c-5JXAYxXQpWQ2+agF0SlkMVlwrkI"
11 < Date: Thu, 22 Sep 2022 12:11:44 GMT
11 < Connection: keep-alive
11 < Keep-Alive: timeout=600
{"value":null,"sessionId":"26bae1ca-307b-4299-bd0b-5261715d36ce","status":0}

17:41:44.794 [main] DEBUG com.intuit.karate - request:
12 > POST http://localhost:4723/wd/hub/session/26bae1ca-307b-4299-bd0b-5261715d36ce/element
12 > Content-Type: application/json; charset=UTF-8
12 > Content-Length: 86
12 > Host: localhost:4723
12 > Connection: Keep-Alive
12 > User-Agent: Apache-HttpClient/4.5.13 (Java/1.8.0_211)
12 > Accept-Encoding: gzip,deflate
{"using":"id","value":"com.patientkeeper.app.android.patientkeeper:id\/userNameField"}

17:41:45.558 [main] DEBUG com.intuit.karate - response time in milliseconds: 764
12 < 200
12 < X-Powered-By: Express
12 < Access-Control-Allow-Origin: *
12 < Access-Control-Allow-Methods: GET, POST, PUT, OPTIONS, DELETE
12 < Access-Control-Allow-Headers: Cache-Control, Pragma, Origin, X-Requested-With, Content-Type, Accept, User-Agent
12 < Vary: X-HTTP-Method-Override
12 < Content-Type: application/json; charset=utf-8
12 < Content-Length: 199
12 < ETag: W/"c7-FBfVRH99FCR4Ee5qsM3ezeovtEk"
12 < Date: Thu, 22 Sep 2022 12:11:45 GMT
12 < Connection: keep-alive
12 < Keep-Alive: timeout=600
{"value":{"element-6066-11e4-a52e-4f735466cecf":"00000000-0000-0530-ffff-ffff00000016","ELEMENT":"00000000-0000-0530-ffff-ffff00000016"},"sessionId":"26bae1ca-307b-4299-bd0b-5261715d36ce","status":0}

17:41:45.560 [main] DEBUG com.intuit.karate - request:
13 > POST http://localhost:4723/wd/hub/session/26bae1ca-307b-4299-bd0b-5261715d36ce/element/00000000-0000-0530-ffff-ffff00000016/clear
13 > Content-Type: application/json; charset=UTF-8
13 > Content-Length: 2
13 > Host: localhost:4723
13 > Connection: Keep-Alive
13 > User-Agent: Apache-HttpClient/4.5.13 (Java/1.8.0_211)
13 > Accept-Encoding: gzip,deflate
{}

17:41:45.594 [main] DEBUG com.intuit.karate - response time in milliseconds: 33
13 < 200
13 < X-Powered-By: Express
13 < Access-Control-Allow-Origin: *
13 < Access-Control-Allow-Methods: GET, POST, PUT, OPTIONS, DELETE
13 < Access-Control-Allow-Headers: Cache-Control, Pragma, Origin, X-Requested-With, Content-Type, Accept, User-Agent
13 < Vary: X-HTTP-Method-Override
13 < Content-Type: application/json; charset=utf-8
13 < Content-Length: 76
13 < ETag: W/"4c-5JXAYxXQpWQ2+agF0SlkMVlwrkI"
13 < Date: Thu, 22 Sep 2022 12:11:45 GMT
13 < Connection: keep-alive
13 < Keep-Alive: timeout=600
{"value":null,"sessionId":"26bae1ca-307b-4299-bd0b-5261715d36ce","status":0}

17:41:45.597 [main] DEBUG com.intuit.karate - request:
14 > POST http://localhost:4723/wd/hub/session/26bae1ca-307b-4299-bd0b-5261715d36ce/element
14 > Content-Type: application/json; charset=UTF-8
14 > Content-Length: 86
14 > Host: localhost:4723
14 > Connection: Keep-Alive
14 > User-Agent: Apache-HttpClient/4.5.13 (Java/1.8.0_211)
14 > Accept-Encoding: gzip,deflate
{"using":"id","value":"com.patientkeeper.app.android.patientkeeper:id\/userNameField"}

17:41:45.652 [main] DEBUG com.intuit.karate - response time in milliseconds: 54
14 < 200
14 < X-Powered-By: Express
14 < Access-Control-Allow-Origin: *
14 < Access-Control-Allow-Methods: GET, POST, PUT, OPTIONS, DELETE
14 < Access-Control-Allow-Headers: Cache-Control, Pragma, Origin, X-Requested-With, Content-Type, Accept, User-Agent
14 < Vary: X-HTTP-Method-Override
14 < Content-Type: application/json; charset=utf-8
14 < Content-Length: 199
14 < ETag: W/"c7-FBfVRH99FCR4Ee5qsM3ezeovtEk"
14 < Date: Thu, 22 Sep 2022 12:11:45 GMT
14 < Connection: keep-alive
14 < Keep-Alive: timeout=600
{"value":{"element-6066-11e4-a52e-4f735466cecf":"00000000-0000-0530-ffff-ffff00000016","ELEMENT":"00000000-0000-0530-ffff-ffff00000016"},"sessionId":"26bae1ca-307b-4299-bd0b-5261715d36ce","status":0}

17:41:45.654 [main] DEBUG com.intuit.karate - request:
15 > POST http://localhost:4723/wd/hub/session/26bae1ca-307b-4299-bd0b-5261715d36ce/element/00000000-0000-0530-ffff-ffff00000016/click
15 > Content-Type: application/json; charset=UTF-8
15 > Content-Length: 2
15 > Host: localhost:4723
15 > Connection: Keep-Alive
15 > User-Agent: Apache-HttpClient/4.5.13 (Java/1.8.0_211)
15 > Accept-Encoding: gzip,deflate
{}

17:41:46.323 [main] DEBUG com.intuit.karate - response time in milliseconds: 669
15 < 200
15 < X-Powered-By: Express
15 < Access-Control-Allow-Origin: *
15 < Access-Control-Allow-Methods: GET, POST, PUT, OPTIONS, DELETE
15 < Access-Control-Allow-Headers: Cache-Control, Pragma, Origin, X-Requested-With, Content-Type, Accept, User-Agent
15 < Vary: X-HTTP-Method-Override
15 < Content-Type: application/json; charset=utf-8
15 < Content-Length: 76
15 < ETag: W/"4c-5JXAYxXQpWQ2+agF0SlkMVlwrkI"
15 < Date: Thu, 22 Sep 2022 12:11:46 GMT
15 < Connection: keep-alive
15 < Keep-Alive: timeout=600
{"value":null,"sessionId":"26bae1ca-307b-4299-bd0b-5261715d36ce","status":0}

17:41:46.327 [main] DEBUG com.intuit.karate - request:
16 > POST http://localhost:4723/wd/hub/session/26bae1ca-307b-4299-bd0b-5261715d36ce/element
16 > Content-Type: application/json; charset=UTF-8
16 > Content-Length: 86
16 > Host: localhost:4723
16 > Connection: Keep-Alive
16 > User-Agent: Apache-HttpClient/4.5.13 (Java/1.8.0_211)
16 > Accept-Encoding: gzip,deflate
{"using":"id","value":"com.patientkeeper.app.android.patientkeeper:id\/userNameField"}

17:41:47.051 [main] DEBUG com.intuit.karate - response time in milliseconds: 724
16 < 200
16 < X-Powered-By: Express
16 < Access-Control-Allow-Origin: *
16 < Access-Control-Allow-Methods: GET, POST, PUT, OPTIONS, DELETE
16 < Access-Control-Allow-Headers: Cache-Control, Pragma, Origin, X-Requested-With, Content-Type, Accept, User-Agent
16 < Vary: X-HTTP-Method-Override
16 < Content-Type: application/json; charset=utf-8
16 < Content-Length: 199
16 < ETag: W/"c7-FBfVRH99FCR4Ee5qsM3ezeovtEk"
16 < Date: Thu, 22 Sep 2022 12:11:47 GMT
16 < Connection: keep-alive
16 < Keep-Alive: timeout=600
{"value":{"element-6066-11e4-a52e-4f735466cecf":"00000000-0000-0530-ffff-ffff00000016","ELEMENT":"00000000-0000-0530-ffff-ffff00000016"},"sessionId":"26bae1ca-307b-4299-bd0b-5261715d36ce","status":0}

17:41:47.053 [main] DEBUG com.intuit.karate - request:
17 > POST http://localhost:4723/wd/hub/session/26bae1ca-307b-4299-bd0b-5261715d36ce/element/00000000-0000-0530-ffff-ffff00000016/value
17 > Content-Type: application/json; charset=UTF-8
17 > Content-Length: 24
17 > Host: localhost:4723
17 > Connection: Keep-Alive
17 > User-Agent: Apache-HttpClient/4.5.13 (Java/1.8.0_211)
17 > Accept-Encoding: gzip,deflate
{"text":"patientsafety"}

17:41:47.800 [main] DEBUG com.intuit.karate - response time in milliseconds: 746
17 < 200
17 < X-Powered-By: Express
17 < Access-Control-Allow-Origin: *
17 < Access-Control-Allow-Methods: GET, POST, PUT, OPTIONS, DELETE
17 < Access-Control-Allow-Headers: Cache-Control, Pragma, Origin, X-Requested-With, Content-Type, Accept, User-Agent
17 < Vary: X-HTTP-Method-Override
17 < Content-Type: application/json; charset=utf-8
17 < Content-Length: 76
17 < ETag: W/"4c-5JXAYxXQpWQ2+agF0SlkMVlwrkI"
17 < Date: Thu, 22 Sep 2022 12:11:47 GMT
17 < Connection: keep-alive
17 < Keep-Alive: timeout=600
{"value":null,"sessionId":"26bae1ca-307b-4299-bd0b-5261715d36ce","status":0}

17:41:47.804 [main] DEBUG com.intuit.karate - request:
18 > POST http://localhost:4723/wd/hub/session/26bae1ca-307b-4299-bd0b-5261715d36ce/element
18 > Content-Type: application/json; charset=UTF-8
18 > Content-Length: 86
18 > Host: localhost:4723
18 > Connection: Keep-Alive
18 > User-Agent: Apache-HttpClient/4.5.13 (Java/1.8.0_211)
18 > Accept-Encoding: gzip,deflate
{"using":"id","value":"com.patientkeeper.app.android.patientkeeper:id\/passwordField"}

17:41:48.501 [main] DEBUG com.intuit.karate - response time in milliseconds: 697
18 < 200
18 < X-Powered-By: Express
18 < Access-Control-Allow-Origin: *
18 < Access-Control-Allow-Methods: GET, POST, PUT, OPTIONS, DELETE
18 < Access-Control-Allow-Headers: Cache-Control, Pragma, Origin, X-Requested-With, Content-Type, Accept, User-Agent
18 < Vary: X-HTTP-Method-Override
18 < Content-Type: application/json; charset=utf-8
18 < Content-Length: 199
18 < ETag: W/"c7-RTFPG3UGmfLYcSa7wjlASn1mWh0"
18 < Date: Thu, 22 Sep 2022 12:11:48 GMT
18 < Connection: keep-alive
18 < Keep-Alive: timeout=600
{"value":{"element-6066-11e4-a52e-4f735466cecf":"00000000-0000-0530-ffff-ffff00000019","ELEMENT":"00000000-0000-0530-ffff-ffff00000019"},"sessionId":"26bae1ca-307b-4299-bd0b-5261715d36ce","status":0}

17:41:48.503 [main] DEBUG com.intuit.karate - request:
19 > POST http://localhost:4723/wd/hub/session/26bae1ca-307b-4299-bd0b-5261715d36ce/element/00000000-0000-0530-ffff-ffff00000019/click
19 > Content-Type: application/json; charset=UTF-8
19 > Content-Length: 2
19 > Host: localhost:4723
19 > Connection: Keep-Alive
19 > User-Agent: Apache-HttpClient/4.5.13 (Java/1.8.0_211)
19 > Accept-Encoding: gzip,deflate
{}

17:41:49.669 [main] DEBUG com.intuit.karate - response time in milliseconds: 1166
19 < 200
19 < X-Powered-By: Express
19 < Access-Control-Allow-Origin: *
19 < Access-Control-Allow-Methods: GET, POST, PUT, OPTIONS, DELETE
19 < Access-Control-Allow-Headers: Cache-Control, Pragma, Origin, X-Requested-With, Content-Type, Accept, User-Agent
19 < Vary: X-HTTP-Method-Override
19 < Content-Type: application/json; charset=utf-8
19 < Content-Length: 76
19 < ETag: W/"4c-5JXAYxXQpWQ2+agF0SlkMVlwrkI"
19 < Date: Thu, 22 Sep 2022 12:11:49 GMT
19 < Connection: keep-alive
19 < Keep-Alive: timeout=600
{"value":null,"sessionId":"26bae1ca-307b-4299-bd0b-5261715d36ce","status":0}

17:41:49.671 [main] DEBUG com.intuit.karate - request:
20 > POST http://localhost:4723/wd/hub/session/26bae1ca-307b-4299-bd0b-5261715d36ce/element
20 > Content-Type: application/json; charset=UTF-8
20 > Content-Length: 86
20 > Host: localhost:4723
20 > Connection: Keep-Alive
20 > User-Agent: Apache-HttpClient/4.5.13 (Java/1.8.0_211)
20 > Accept-Encoding: gzip,deflate
{"using":"id","value":"com.patientkeeper.app.android.patientkeeper:id\/passwordField"}

17:41:49.724 [main] DEBUG com.intuit.karate - response time in milliseconds: 53
20 < 200
20 < X-Powered-By: Express
20 < Access-Control-Allow-Origin: *
20 < Access-Control-Allow-Methods: GET, POST, PUT, OPTIONS, DELETE
20 < Access-Control-Allow-Headers: Cache-Control, Pragma, Origin, X-Requested-With, Content-Type, Accept, User-Agent
20 < Vary: X-HTTP-Method-Override
20 < Content-Type: application/json; charset=utf-8
20 < Content-Length: 199
20 < ETag: W/"c7-RTFPG3UGmfLYcSa7wjlASn1mWh0"
20 < Date: Thu, 22 Sep 2022 12:11:49 GMT
20 < Connection: keep-alive
20 < Keep-Alive: timeout=600
{"value":{"element-6066-11e4-a52e-4f735466cecf":"00000000-0000-0530-ffff-ffff00000019","ELEMENT":"00000000-0000-0530-ffff-ffff00000019"},"sessionId":"26bae1ca-307b-4299-bd0b-5261715d36ce","status":0}

17:41:49.727 [main] DEBUG com.intuit.karate - request:
21 > POST http://localhost:4723/wd/hub/session/26bae1ca-307b-4299-bd0b-5261715d36ce/element/00000000-0000-0530-ffff-ffff00000019/value
21 > Content-Type: application/json; charset=UTF-8
21 > Content-Length: 14
21 > Host: localhost:4723
21 > Connection: Keep-Alive
21 > User-Agent: Apache-HttpClient/4.5.13 (Java/1.8.0_211)
21 > Accept-Encoding: gzip,deflate
{"text":"123"}

17:41:50.306 [main] DEBUG com.intuit.karate - response time in milliseconds: 579
21 < 200
21 < X-Powered-By: Express
21 < Access-Control-Allow-Origin: *
21 < Access-Control-Allow-Methods: GET, POST, PUT, OPTIONS, DELETE
21 < Access-Control-Allow-Headers: Cache-Control, Pragma, Origin, X-Requested-With, Content-Type, Accept, User-Agent
21 < Vary: X-HTTP-Method-Override
21 < Content-Type: application/json; charset=utf-8
21 < Content-Length: 76
21 < ETag: W/"4c-5JXAYxXQpWQ2+agF0SlkMVlwrkI"
21 < Date: Thu, 22 Sep 2022 12:11:50 GMT
21 < Connection: keep-alive
21 < Keep-Alive: timeout=600
{"value":null,"sessionId":"26bae1ca-307b-4299-bd0b-5261715d36ce","status":0}

17:41:50.312 [main] DEBUG com.intuit.karate - request:
22 > POST http://localhost:4723/wd/hub/session/26bae1ca-307b-4299-bd0b-5261715d36ce/element
22 > Content-Type: application/json; charset=UTF-8
22 > Content-Length: 85
22 > Host: localhost:4723
22 > Connection: Keep-Alive
22 > User-Agent: Apache-HttpClient/4.5.13 (Java/1.8.0_211)
22 > Accept-Encoding: gzip,deflate
{"using":"id","value":"com.patientkeeper.app.android.patientkeeper:id\/login_button"}

17:41:50.848 [main] DEBUG com.intuit.karate - response time in milliseconds: 535
22 < 200
22 < X-Powered-By: Express
22 < Access-Control-Allow-Origin: *
22 < Access-Control-Allow-Methods: GET, POST, PUT, OPTIONS, DELETE
22 < Access-Control-Allow-Headers: Cache-Control, Pragma, Origin, X-Requested-With, Content-Type, Accept, User-Agent
22 < Vary: X-HTTP-Method-Override
22 < Content-Type: application/json; charset=utf-8
22 < Content-Length: 199
22 < ETag: W/"c7-NykBHtnVc1H7dPKb06xBu4gPCLw"
22 < Date: Thu, 22 Sep 2022 12:11:50 GMT
22 < Connection: keep-alive
22 < Keep-Alive: timeout=600
{"value":{"element-6066-11e4-a52e-4f735466cecf":"00000000-0000-0530-ffff-ffff0000001f","ELEMENT":"00000000-0000-0530-ffff-ffff0000001f"},"sessionId":"26bae1ca-307b-4299-bd0b-5261715d36ce","status":0}

17:41:50.850 [main] DEBUG com.intuit.karate - request:
23 > POST http://localhost:4723/wd/hub/session/26bae1ca-307b-4299-bd0b-5261715d36ce/element/00000000-0000-0530-ffff-ffff0000001f/click
23 > Content-Type: application/json; charset=UTF-8
23 > Content-Length: 2
23 > Host: localhost:4723
23 > Connection: Keep-Alive
23 > User-Agent: Apache-HttpClient/4.5.13 (Java/1.8.0_211)
23 > Accept-Encoding: gzip,deflate
{}

17:41:50.903 [main] DEBUG com.intuit.karate - response time in milliseconds: 53
23 < 200
23 < X-Powered-By: Express
23 < Access-Control-Allow-Origin: *
23 < Access-Control-Allow-Methods: GET, POST, PUT, OPTIONS, DELETE
23 < Access-Control-Allow-Headers: Cache-Control, Pragma, Origin, X-Requested-With, Content-Type, Accept, User-Agent
23 < Vary: X-HTTP-Method-Override
23 < Content-Type: application/json; charset=utf-8
23 < Content-Length: 76
23 < ETag: W/"4c-5JXAYxXQpWQ2+agF0SlkMVlwrkI"
23 < Date: Thu, 22 Sep 2022 12:11:50 GMT
23 < Connection: keep-alive
23 < Keep-Alive: timeout=600
{"value":null,"sessionId":"26bae1ca-307b-4299-bd0b-5261715d36ce","status":0}

17:41:50.912 [main] DEBUG com.intuit.karate - request:
24 > POST http://localhost:4723/wd/hub/session/26bae1ca-307b-4299-bd0b-5261715d36ce/element
24 > Content-Type: application/json; charset=UTF-8
24 > Content-Length: 86
24 > Host: localhost:4723
24 > Connection: Keep-Alive
24 > User-Agent: Apache-HttpClient/4.5.13 (Java/1.8.0_211)
24 > Accept-Encoding: gzip,deflate
{"using":"xpath","value":"\/\/android.widget.ImageView[@content-desc='More options']"}

17:41:51.772 [main] DEBUG com.intuit.karate - response time in milliseconds: 859
24 < 500
24 < X-Powered-By: Express
24 < Access-Control-Allow-Origin: *
24 < Access-Control-Allow-Methods: GET, POST, PUT, OPTIONS, DELETE
24 < Access-Control-Allow-Headers: Cache-Control, Pragma, Origin, X-Requested-With, Content-Type, Accept, User-Agent
24 < Vary: X-HTTP-Method-Override
24 < Content-Type: application/json; charset=utf-8
24 < Content-Length: 164
24 < ETag: W/"a4-1YKhQ2fXJpYtOToLmg3qp9HUQSw"
24 < Date: Thu, 22 Sep 2022 12:11:51 GMT
24 < Connection: keep-alive
24 < Keep-Alive: timeout=600
{"status":7,"value":{"message":"An element could not be located on the page using the given search parameters."},"sessionId":"26bae1ca-307b-4299-bd0b-5261715d36ce"}

17:41:51.772 [main] WARN  com.intuit.karate - http response code: 500, response: {"status":7,"value":{"message":"An element could not be located on the page using the given search parameters."},"sessionId":"26bae1ca-307b-4299-bd0b-5261715d36ce"}, request: POST http://localhost:4723/wd/hub/session/26bae1ca-307b-4299-bd0b-5261715d36ce/element
17:41:51.773 [main] WARN  c.i.k.d.appium.android_1663848648239 - locator failed, will retry once: {"status":7,"value":{"message":"An element could not be located on the page using the given search parameters."},"sessionId":"26bae1ca-307b-4299-bd0b-5261715d36ce"}
17:42:01.780 [main] DEBUG com.intuit.karate - request:
25 > POST http://localhost:4723/wd/hub/session/26bae1ca-307b-4299-bd0b-5261715d36ce/element
25 > Content-Type: application/json; charset=UTF-8
25 > Content-Length: 86
25 > Host: localhost:4723
25 > Connection: Keep-Alive
25 > User-Agent: Apache-HttpClient/4.5.13 (Java/1.8.0_211)
25 > Accept-Encoding: gzip,deflate
{"using":"xpath","value":"\/\/android.widget.ImageView[@content-desc='More options']"}

17:42:02.654 [main] DEBUG com.intuit.karate - response time in milliseconds: 872
25 < 500
25 < X-Powered-By: Express
25 < Access-Control-Allow-Origin: *
25 < Access-Control-Allow-Methods: GET, POST, PUT, OPTIONS, DELETE
25 < Access-Control-Allow-Headers: Cache-Control, Pragma, Origin, X-Requested-With, Content-Type, Accept, User-Agent
25 < Vary: X-HTTP-Method-Override
25 < Content-Type: application/json; charset=utf-8
25 < Content-Length: 164
25 < ETag: W/"a4-1YKhQ2fXJpYtOToLmg3qp9HUQSw"
25 < Date: Thu, 22 Sep 2022 12:12:02 GMT
25 < Connection: keep-alive
25 < Keep-Alive: timeout=600
{"status":7,"value":{"message":"An element could not be located on the page using the given search parameters."},"sessionId":"26bae1ca-307b-4299-bd0b-5261715d36ce"}

17:42:02.655 [main] WARN  com.intuit.karate - http response code: 500, response: {"status":7,"value":{"message":"An element could not be located on the page using the given search parameters."},"sessionId":"26bae1ca-307b-4299-bd0b-5261715d36ce"}, request: POST http://localhost:4723/wd/hub/session/26bae1ca-307b-4299-bd0b-5261715d36ce/element
17:42:02.655 [main] ERROR c.i.k.d.appium.android_1663848648239 - locator failed twice: {"status":7,"value":{"message":"An element could not be located on the page using the given search parameters."},"sessionId":"26bae1ca-307b-4299-bd0b-5261715d36ce"}
17:42:02.655 [main] DEBUG c.i.k.d.appium.MobileDriverOptions - failed to locate : //android.widget.ImageView[@content-desc='More options']
17:42:02.656 [main] DEBUG c.i.k.d.appium.MobileDriverOptions - waitUntil (function) - retry #1
17:42:12.662 [main] DEBUG com.intuit.karate - request:
26 > POST http://localhost:4723/wd/hub/session/26bae1ca-307b-4299-bd0b-5261715d36ce/element
26 > Content-Type: application/json; charset=UTF-8
26 > Content-Length: 86
26 > Host: localhost:4723
26 > Connection: Keep-Alive
26 > User-Agent: Apache-HttpClient/4.5.13 (Java/1.8.0_211)
26 > Accept-Encoding: gzip,deflate
{"using":"xpath","value":"\/\/android.widget.ImageView[@content-desc='More options']"}

17:42:12.789 [main] DEBUG com.intuit.karate - response time in milliseconds: 126
26 < 500
26 < X-Powered-By: Express
26 < Access-Control-Allow-Origin: *
26 < Access-Control-Allow-Methods: GET, POST, PUT, OPTIONS, DELETE
26 < Access-Control-Allow-Headers: Cache-Control, Pragma, Origin, X-Requested-With, Content-Type, Accept, User-Agent
26 < Vary: X-HTTP-Method-Override
26 < Content-Type: application/json; charset=utf-8
26 < Content-Length: 164
26 < ETag: W/"a4-1YKhQ2fXJpYtOToLmg3qp9HUQSw"
26 < Date: Thu, 22 Sep 2022 12:12:12 GMT
26 < Connection: keep-alive
26 < Keep-Alive: timeout=600
{"status":7,"value":{"message":"An element could not be located on the page using the given search parameters."},"sessionId":"26bae1ca-307b-4299-bd0b-5261715d36ce"}

17:42:12.790 [main] WARN  com.intuit.karate - http response code: 500, response: {"status":7,"value":{"message":"An element could not be located on the page using the given search parameters."},"sessionId":"26bae1ca-307b-4299-bd0b-5261715d36ce"}, request: POST http://localhost:4723/wd/hub/session/26bae1ca-307b-4299-bd0b-5261715d36ce/element
17:42:12.790 [main] WARN  c.i.k.d.appium.android_1663848648239 - locator failed, will retry once: {"status":7,"value":{"message":"An element could not be located on the page using the given search parameters."},"sessionId":"26bae1ca-307b-4299-bd0b-5261715d36ce"}
17:42:22.797 [main] DEBUG com.intuit.karate - request:
27 > POST http://localhost:4723/wd/hub/session/26bae1ca-307b-4299-bd0b-5261715d36ce/element
27 > Content-Type: application/json; charset=UTF-8
27 > Content-Length: 86
27 > Host: localhost:4723
27 > Connection: Keep-Alive
27 > User-Agent: Apache-HttpClient/4.5.13 (Java/1.8.0_211)
27 > Accept-Encoding: gzip,deflate
{"using":"xpath","value":"\/\/android.widget.ImageView[@content-desc='More options']"}

17:42:22.896 [main] DEBUG com.intuit.karate - response time in milliseconds: 98
27 < 500
27 < X-Powered-By: Express
27 < Access-Control-Allow-Origin: *
27 < Access-Control-Allow-Methods: GET, POST, PUT, OPTIONS, DELETE
27 < Access-Control-Allow-Headers: Cache-Control, Pragma, Origin, X-Requested-With, Content-Type, Accept, User-Agent
27 < Vary: X-HTTP-Method-Override
27 < Content-Type: application/json; charset=utf-8
27 < Content-Length: 164
27 < ETag: W/"a4-1YKhQ2fXJpYtOToLmg3qp9HUQSw"
27 < Date: Thu, 22 Sep 2022 12:12:22 GMT
27 < Connection: keep-alive
27 < Keep-Alive: timeout=600
{"status":7,"value":{"message":"An element could not be located on the page using the given search parameters."},"sessionId":"26bae1ca-307b-4299-bd0b-5261715d36ce"}

17:42:22.896 [main] WARN  com.intuit.karate - http response code: 500, response: {"status":7,"value":{"message":"An element could not be located on the page using the given search parameters."},"sessionId":"26bae1ca-307b-4299-bd0b-5261715d36ce"}, request: POST http://localhost:4723/wd/hub/session/26bae1ca-307b-4299-bd0b-5261715d36ce/element
17:42:22.897 [main] ERROR c.i.k.d.appium.android_1663848648239 - locator failed twice: {"status":7,"value":{"message":"An element could not be located on the page using the given search parameters."},"sessionId":"26bae1ca-307b-4299-bd0b-5261715d36ce"}
17:42:22.897 [main] DEBUG c.i.k.d.appium.MobileDriverOptions - failed to locate : //android.widget.ImageView[@content-desc='More options']
17:42:22.897 [main] DEBUG c.i.k.d.appium.MobileDriverOptions - waitUntil (function) - retry #2
17:42:32.902 [main] DEBUG com.intuit.karate - request:
28 > POST http://localhost:4723/wd/hub/session/26bae1ca-307b-4299-bd0b-5261715d36ce/element
28 > Content-Type: application/json; charset=UTF-8
28 > Content-Length: 86
28 > Host: localhost:4723
28 > Connection: Keep-Alive
28 > User-Agent: Apache-HttpClient/4.5.13 (Java/1.8.0_211)
28 > Accept-Encoding: gzip,deflate
{"using":"xpath","value":"\/\/android.widget.ImageView[@content-desc='More options']"}

17:42:33.042 [main] DEBUG com.intuit.karate - response time in milliseconds: 139
28 < 500
28 < X-Powered-By: Express
28 < Access-Control-Allow-Origin: *
28 < Access-Control-Allow-Methods: GET, POST, PUT, OPTIONS, DELETE
28 < Access-Control-Allow-Headers: Cache-Control, Pragma, Origin, X-Requested-With, Content-Type, Accept, User-Agent
28 < Vary: X-HTTP-Method-Override
28 < Content-Type: application/json; charset=utf-8
28 < Content-Length: 164
28 < ETag: W/"a4-1YKhQ2fXJpYtOToLmg3qp9HUQSw"
28 < Date: Thu, 22 Sep 2022 12:12:33 GMT
28 < Connection: keep-alive
28 < Keep-Alive: timeout=600
{"status":7,"value":{"message":"An element could not be located on the page using the given search parameters."},"sessionId":"26bae1ca-307b-4299-bd0b-5261715d36ce"}

17:42:33.043 [main] WARN  com.intuit.karate - http response code: 500, response: {"status":7,"value":{"message":"An element could not be located on the page using the given search parameters."},"sessionId":"26bae1ca-307b-4299-bd0b-5261715d36ce"}, request: POST http://localhost:4723/wd/hub/session/26bae1ca-307b-4299-bd0b-5261715d36ce/element
17:42:33.043 [main] WARN  c.i.k.d.appium.android_1663848648239 - locator failed, will retry once: {"status":7,"value":{"message":"An element could not be located on the page using the given search parameters."},"sessionId":"26bae1ca-307b-4299-bd0b-5261715d36ce"}
17:42:43.046 [main] DEBUG com.intuit.karate - request:
29 > POST http://localhost:4723/wd/hub/session/26bae1ca-307b-4299-bd0b-5261715d36ce/element
29 > Content-Type: application/json; charset=UTF-8
29 > Content-Length: 86
29 > Host: localhost:4723
29 > Connection: Keep-Alive
29 > User-Agent: Apache-HttpClient/4.5.13 (Java/1.8.0_211)
29 > Accept-Encoding: gzip,deflate
{"using":"xpath","value":"\/\/android.widget.ImageView[@content-desc='More options']"}

17:42:43.160 [main] DEBUG com.intuit.karate - response time in milliseconds: 113
29 < 500
29 < X-Powered-By: Express
29 < Access-Control-Allow-Origin: *
29 < Access-Control-Allow-Methods: GET, POST, PUT, OPTIONS, DELETE
29 < Access-Control-Allow-Headers: Cache-Control, Pragma, Origin, X-Requested-With, Content-Type, Accept, User-Agent
29 < Vary: X-HTTP-Method-Override
29 < Content-Type: application/json; charset=utf-8
29 < Content-Length: 164
29 < ETag: W/"a4-1YKhQ2fXJpYtOToLmg3qp9HUQSw"
29 < Date: Thu, 22 Sep 2022 12:12:43 GMT
29 < Connection: keep-alive
29 < Keep-Alive: timeout=600
{"status":7,"value":{"message":"An element could not be located on the page using the given search parameters."},"sessionId":"26bae1ca-307b-4299-bd0b-5261715d36ce"}

17:42:43.161 [main] WARN  com.intuit.karate - http response code: 500, response: {"status":7,"value":{"message":"An element could not be located on the page using the given search parameters."},"sessionId":"26bae1ca-307b-4299-bd0b-5261715d36ce"}, request: POST http://localhost:4723/wd/hub/session/26bae1ca-307b-4299-bd0b-5261715d36ce/element
17:42:43.161 [main] ERROR c.i.k.d.appium.android_1663848648239 - locator failed twice: {"status":7,"value":{"message":"An element could not be located on the page using the given search parameters."},"sessionId":"26bae1ca-307b-4299-bd0b-5261715d36ce"}
17:42:43.161 [main] DEBUG c.i.k.d.appium.MobileDriverOptions - failed to locate : //android.widget.ImageView[@content-desc='More options']
17:42:43.162 [main] DEBUG c.i.k.d.appium.MobileDriverOptions - waitUntil (function) - retry #3
17:42:53.163 [main] DEBUG com.intuit.karate - request:
30 > POST http://localhost:4723/wd/hub/session/26bae1ca-307b-4299-bd0b-5261715d36ce/element
30 > Content-Type: application/json; charset=UTF-8
30 > Content-Length: 86
30 > Host: localhost:4723
30 > Connection: Keep-Alive
30 > User-Agent: Apache-HttpClient/4.5.13 (Java/1.8.0_211)
30 > Accept-Encoding: gzip,deflate
{"using":"xpath","value":"\/\/android.widget.ImageView[@content-desc='More options']"}

17:42:53.382 [main] DEBUG com.intuit.karate - response time in milliseconds: 219
30 < 200
30 < X-Powered-By: Express
30 < Access-Control-Allow-Origin: *
30 < Access-Control-Allow-Methods: GET, POST, PUT, OPTIONS, DELETE
30 < Access-Control-Allow-Headers: Cache-Control, Pragma, Origin, X-Requested-With, Content-Type, Accept, User-Agent
30 < Vary: X-HTTP-Method-Override
30 < Content-Type: application/json; charset=utf-8
30 < Content-Length: 199
30 < ETag: W/"c7-bEPxXZKJwXvKdkjXjW9dkTpQYWA"
30 < Date: Thu, 22 Sep 2022 12:12:53 GMT
30 < Connection: keep-alive
30 < Keep-Alive: timeout=600
{"value":{"element-6066-11e4-a52e-4f735466cecf":"00000000-0000-0537-ffff-ffff0000010a","ELEMENT":"00000000-0000-0537-ffff-ffff0000010a"},"sessionId":"26bae1ca-307b-4299-bd0b-5261715d36ce","status":0}

17:42:53.387 [main] DEBUG com.intuit.karate - request:
31 > POST http://localhost:4723/wd/hub/session/26bae1ca-307b-4299-bd0b-5261715d36ce/element
31 > Content-Type: application/json; charset=UTF-8
31 > Content-Length: 84
31 > Host: localhost:4723
31 > Connection: Keep-Alive
31 > User-Agent: Apache-HttpClient/4.5.13 (Java/1.8.0_211)
31 > Accept-Encoding: gzip,deflate
{"using":"xpath","value":"\/\/android.widget.TextView[contains(@text, 'PK, BLUE')]"}

17:42:53.643 [main] DEBUG com.intuit.karate - response time in milliseconds: 256
31 < 200
31 < X-Powered-By: Express
31 < Access-Control-Allow-Origin: *
31 < Access-Control-Allow-Methods: GET, POST, PUT, OPTIONS, DELETE
31 < Access-Control-Allow-Headers: Cache-Control, Pragma, Origin, X-Requested-With, Content-Type, Accept, User-Agent
31 < Vary: X-HTTP-Method-Override
31 < Content-Type: application/json; charset=utf-8
31 < Content-Length: 199
31 < ETag: W/"c7-e+V/G6s/CTfnbLeWzm7OHjphU7M"
31 < Date: Thu, 22 Sep 2022 12:12:53 GMT
31 < Connection: keep-alive
31 < Keep-Alive: timeout=600
{"value":{"element-6066-11e4-a52e-4f735466cecf":"00000000-0000-0537-ffff-ffff00000152","ELEMENT":"00000000-0000-0537-ffff-ffff00000152"},"sessionId":"26bae1ca-307b-4299-bd0b-5261715d36ce","status":0}

17:42:53.646 [main] DEBUG com.intuit.karate - request:
32 > POST http://localhost:4723/wd/hub/session/26bae1ca-307b-4299-bd0b-5261715d36ce/element/00000000-0000-0537-ffff-ffff00000152/click
32 > Content-Type: application/json; charset=UTF-8
32 > Content-Length: 2
32 > Host: localhost:4723
32 > Connection: Keep-Alive
32 > User-Agent: Apache-HttpClient/4.5.13 (Java/1.8.0_211)
32 > Accept-Encoding: gzip,deflate
{}

17:42:55.419 [main] DEBUG com.intuit.karate - response time in milliseconds: 1773
32 < 200
32 < X-Powered-By: Express
32 < Access-Control-Allow-Origin: *
32 < Access-Control-Allow-Methods: GET, POST, PUT, OPTIONS, DELETE
32 < Access-Control-Allow-Headers: Cache-Control, Pragma, Origin, X-Requested-With, Content-Type, Accept, User-Agent
32 < Vary: X-HTTP-Method-Override
32 < Content-Type: application/json; charset=utf-8
32 < Content-Length: 76
32 < ETag: W/"4c-5JXAYxXQpWQ2+agF0SlkMVlwrkI"
32 < Date: Thu, 22 Sep 2022 12:12:55 GMT
32 < Connection: keep-alive
32 < Keep-Alive: timeout=600
{"value":null,"sessionId":"26bae1ca-307b-4299-bd0b-5261715d36ce","status":0}

17:42:55.424 [main] DEBUG com.intuit.karate - request:
33 > POST http://localhost:4723/wd/hub/session/26bae1ca-307b-4299-bd0b-5261715d36ce/element
33 > Content-Type: application/json; charset=UTF-8
33 > Content-Length: 92
33 > Host: localhost:4723
33 > Connection: Keep-Alive
33 > User-Agent: Apache-HttpClient/4.5.13 (Java/1.8.0_211)
33 > Accept-Encoding: gzip,deflate
{"using":"id","value":"com.patientkeeper.app.android.patientkeeper:id\/patientsummary_name"}

17:42:55.461 [main] DEBUG com.intuit.karate - response time in milliseconds: 37
33 < 200
33 < X-Powered-By: Express
33 < Access-Control-Allow-Origin: *
33 < Access-Control-Allow-Methods: GET, POST, PUT, OPTIONS, DELETE
33 < Access-Control-Allow-Headers: Cache-Control, Pragma, Origin, X-Requested-With, Content-Type, Accept, User-Agent
33 < Vary: X-HTTP-Method-Override
33 < Content-Type: application/json; charset=utf-8
33 < Content-Length: 199
33 < ETag: W/"c7-vx7Uby0QFaImFiuxEKC6hPQGwDM"
33 < Date: Thu, 22 Sep 2022 12:12:55 GMT
33 < Connection: keep-alive
33 < Keep-Alive: timeout=600
{"value":{"element-6066-11e4-a52e-4f735466cecf":"00000000-0000-0536-ffff-ffff000000c0","ELEMENT":"00000000-0000-0536-ffff-ffff000000c0"},"sessionId":"26bae1ca-307b-4299-bd0b-5261715d36ce","status":0}

17:42:55.462 [main] DEBUG com.intuit.karate - request:
34 > GET http://localhost:4723/wd/hub/session/26bae1ca-307b-4299-bd0b-5261715d36ce/element/00000000-0000-0536-ffff-ffff000000c0/text
34 > Host: localhost:4723
34 > Connection: Keep-Alive
34 > User-Agent: Apache-HttpClient/4.5.13 (Java/1.8.0_211)
34 > Accept-Encoding: gzip,deflate


17:42:55.492 [main] DEBUG com.intuit.karate - response time in milliseconds: 29
34 < 200
34 < X-Powered-By: Express
34 < Access-Control-Allow-Origin: *
34 < Access-Control-Allow-Methods: GET, POST, PUT, OPTIONS, DELETE
34 < Access-Control-Allow-Headers: Cache-Control, Pragma, Origin, X-Requested-With, Content-Type, Accept, User-Agent
34 < Content-Type: application/json; charset=utf-8
34 < Content-Length: 82
34 < ETag: W/"52-xkfK5ZCtAeK/BPXCfomd5Xbxmj4"
34 < Date: Thu, 22 Sep 2022 12:12:55 GMT
34 < Connection: keep-alive
34 < Keep-Alive: timeout=600
{"sessionId":"26bae1ca-307b-4299-bd0b-5261715d36ce","value":"PK, BLUE","status":0}

17:42:55.504 [main] DEBUG com.intuit.karate - request:
35 > DELETE http://localhost:4723/wd/hub/session/26bae1ca-307b-4299-bd0b-5261715d36ce
35 > Host: localhost:4723
35 > Connection: Keep-Alive
35 > User-Agent: Apache-HttpClient/4.5.13 (Java/1.8.0_211)
35 > Accept-Encoding: gzip,deflate


17:42:55.945 [main] DEBUG com.intuit.karate - response time in milliseconds: 441
35 < 200
35 < X-Powered-By: Express
35 < Access-Control-Allow-Origin: *
35 < Access-Control-Allow-Methods: GET, POST, PUT, OPTIONS, DELETE
35 < Access-Control-Allow-Headers: Cache-Control, Pragma, Origin, X-Requested-With, Content-Type, Accept, User-Agent
35 < Content-Type: application/json; charset=utf-8
35 < Content-Length: 76
35 < ETag: W/"4c-5JXAYxXQpWQ2+agF0SlkMVlwrkI"
35 < Date: Thu, 22 Sep 2022 12:12:55 GMT
35 < Connection: keep-alive
35 < Keep-Alive: timeout=600
{"value":null,"sessionId":"26bae1ca-307b-4299-bd0b-5261715d36ce","status":0}

17:42:56.798 [main] INFO  com.intuit.karate.Suite - <<pass>> feature 1 of 1 (0 remaining) src/test/java/android/android.feature
